(2026-02-21T23:47:23.487794387) (2026-02-21T23:47:23.487852810) [Dbg] [gz.cc:161] Subscribing to [/ga(2026-02-21T23:47:23.490229844) (2026-02-21T23:47:23.490238445) [Dbg] [Gui.cc:253] Waiting for subscribers to [/gazebo/starting_world]...
(2026-02-21T23:47:23.621532275) (2026-02-21T23:47:23.621541821) [Dbg] [Application.cc:92] Initializing application.
(2026-02-21T23:47:23.625133191) (2026-02-21T23:47:23.625150556) [GUI] [Dbg] [Application.cc:560] Create main window
(2026-02-21T23:47:23.837639118) (2026-02-21T23:47:23.837665585) [GUI] [Dbg] [PathManager.cc:66] Requesting resource paths through [/gazebo/resource_paths/get]
(2026-02-21T23:47:23.846092186) (2026-02-21T23:47:23.846101032) [GUI] [Wrn] [Application.cc:802] [QT] file::/Gazebo/GazeboDrawer.qml:242:3: QML Connections: Implicitly defined onFoo properties in Connections are deprecated. Use this syntax instead: function onFoo(<arguments>) { ... }
(2026-02-21T23:47:23.852311553) (2026-02-21T23:47:23.852325691) [GUI] [Dbg] [Gui.cc:333] GUI requesting list of world names. The server may be busy downloading resources. Please be patient.
(2026-02-21T23:47:23.983456451) (2026-02-21T23:47:23.983481384) [GUI] [Dbg] [PathManager.cc:55] Received resource paths.
(2026-02-21T23:47:23.984165345) (2026-02-21T23:47:23.984205824) [GUI] [Dbg] [Gui.cc:391] Requesting GUI from [/world/empty/gui/info]...
(2026-02-21T23:47:23.985515671) (2026-02-21T23:47:23.985532801) [GUI] [Dbg] [GuiRunner.cc:145] Requesting initial state from [/world/empty/state]...
(2026-02-21T23:47:23.996981124) (2026-02-21T23:47:23.997082484) [GUI] [Msg] Loading config [/home/user/.ignition/gazebo/6/gui.config]
(2026-02-21T23:47:23.997383720) (2026-02-21T23:47:23.997407637) [GUI] [Dbg] [Application.cc:431] Loading plugin [MinimalScene]
(2026-02-21T23:47:24.77548669) (2026-02-21T23:47:24.77562249) [GUI] [Msg] Added plugin [3D View] to main window
(2026-02-21T23:47:24.77810178) (2026-02-21T23:47:24.77818310) [GUI] [Msg] Loaded plugin [MinimalScene] from path [/usr/lib/x86_64-linux-gnu/ign-gui-6/plugins/libMinimalScene.so]
(2026-02-21T23:47:24.77863488) (2026-02-21T23:47:24.77867293) [GUI] [Dbg] [Application.cc:431] Loading plugin [EntityContextMenuPlugin]
(2026-02-21T23:47:24.95498197) (2026-02-21T23:47:24.95519550) [GUI] [Wrn] [Application.cc:802] [QT] file::/EntityContextMenuPlugin/EntityContextMenuPlugin.qml:56:5: QML Connections: Implicitly defined onFoo properties in Connections are deprecated. Use this syntax instead: function onFoo(<arguments>) { ... }
(2026-02-21T23:47:24.118067560) (2026-02-21T23:47:24.118078960) [GUI] [Msg] Added plugin [Entity Context Menu] to main window
(2026-02-21T23:47:24.118123567) (2026-02-21T23:47:24.118127233) [GUI] [Msg] Loaded plugin [EntityContextMenuPlugin] from path [/usr/lib/x86_64-linux-gnu/ign-gazebo-6/plugins/gui/libEntityContextMenuPlugin.so]
(2026-02-21T23:47:24.118155627) (2026-02-21T23:47:24.118158735) [GUI] [Dbg] [Application.cc:431] Loading plugin [GzSceneManager]
(2026-02-21T23:47:24.146781688) (2026-02-21T23:47:24.146792477) [GUI] [Msg] Added plugin [Scene Manager] to main window
(2026-02-21T23:47:24.146843104) (2026-02-21T23:47:24.146846680) [GUI] [Msg] Loaded plugin [GzSceneManager] from path [/usr/lib/x86_64-linux-gnu/ign-gazebo-6/plugins/gui/libGzSceneManager.so]
(2026-02-21T23:47:24.146874357) (2026-02-21T23:47:24.146877527) [GUI] [Dbg] [Application.cc:431] Loading plugin [InteractiveViewControl]
(2026-02-21T23:47:24.148799086) (2026-02-21T23:47:24.148806894) [GUI] [Msg] Camera view controller topic advertised on [/gui/camera/view_control]
(2026-02-21T23:47:24.148876179) (2026-02-21T23:47:24.148881674) [GUI] [Msg] Camera reference visual topic advertised on [/gui/camera/view_control/reference_visual]
(2026-02-21T23:47:24.148974840) (2026-02-21T23:47:24.148981463) [GUI] [Msg] Camera view control sensitivity advertised on [/gui/camera/view_control/sensitivity]
(2026-02-21T23:47:24.168312583) (2026-02-21T23:47:24.168323183) [GUI] [Msg] Added plugin [Interactive view control] to main window
(2026-02-21T23:47:24.168358668) (2026-02-21T23:47:24.168361957) [GUI] [Msg] Loaded plugin [InteractiveViewControl] from path [/usr/lib/x86_64-linux-gnu/ign-gui-6/plugins/libInteractiveViewControl.so]
(2026-02-21T23:47:24.168403316) (2026-02-21T23:47:24.168406385) [GUI] [Dbg] [Application.cc:431] Loading plugin [CameraTracking]
(2026-02-21T23:47:24.184640532) (2026-02-21T23:47:24.184651504) [GUI] [Msg] Added plugin [Camera tracking] to main window
(2026-02-21T23:47:24.184693373) (2026-02-21T23:47:24.184696383) [GUI] [Msg] Loaded plugin [CameraTracking] from path [/usr/lib/x86_64-linux-gnu/ign-gui-6/plugins/libCameraTracking.so]
(2026-02-21T23:47:24.184723093) (2026-02-21T23:47:24.184726065) [GUI] [Dbg] [Application.cc:431] Loading plugin [MarkerManager]
(2026-02-21T23:47:24.188533192) (2026-02-21T23:47:24.188545490) [GUI] [Msg] Listening to stats on [/world/empty/stats]
(2026-02-21T23:47:24.211205453) (2026-02-21T23:47:24.211219317) [GUI] [Msg] Added plugin [Marker Manager] to main window
(2026-02-21T23:47:24.211279602) (2026-02-21T23:47:24.211283566) [GUI] [Msg] Loaded plugin [MarkerManager] from path [/usr/lib/x86_64-linux-gnu/ign-gui-6/plugins/libMarkerManager.so]
(2026-02-21T23:47:24.211324754) (2026-02-21T23:47:24.211328797) [GUI] [Dbg] [Application.cc:431] Loading plugin [SelectEntities]
(2026-02-21T23:47:24.233038121) (2026-02-21T23:47:24.233048669) [GUI] [Msg] Added plugin [Select entities] to main window
(2026-02-21T23:47:24.233094186) (2026-02-21T23:47:24.233097230) [GUI] [Msg] Loaded plugin [SelectEntities] from path [/usr/lib/x86_64-linux-gnu/ign-gazebo-6/plugins/gui/libSelectEntities.so]
(2026-02-21T23:47:24.233124130) (2026-02-21T23:47:24.233127192) [GUI] [Dbg] [Application.cc:431] Loading plugin [Spawn]
(2026-02-21T23:47:24.235973309) (2026-02-21T23:47:24.235982811) [GUI] [Wrn] [Application.cc:802] [QT] file::/Spawn/Spawn.qml:32:3: QML Connections: Implicitly defined onFoo properties in Connections are deprecated. Use this syntax instead: function onFoo(<arguments>) { ... }
(2026-02-21T23:47:24.260611930) (2026-02-21T23:47:24.260627628) [GUI] [Msg] Added plugin [Spawn] to main window
(2026-02-21T23:47:24.260671741) (2026-02-21T23:47:24.260675090) [GUI] [Msg] Loaded plugin [Spawn] from path [/usr/lib/x86_64-linux-gnu/ign-gazebo-6/plugins/gui/libSpawn.so]
(2026-02-21T23:47:24.260705012) (2026-02-21T23:47:24.260708415) [GUI] [Dbg] [Application.cc:431] Loading plugin [VisualizationCapabilities]
(2026-02-21T23:47:24.264858474) (2026-02-21T23:47:24.264873301) [GUI] [Msg] View as transparent service on [/gui/view/transparent]
(2026-02-21T23:47:24.265006662) (2026-02-21T23:47:24.265015229) [GUI] [Msg] View as wireframes service on [/gui/view/wireframes]
(2026-02-21T23:47:24.265085215) (2026-02-21T23:47:24.265093559) [GUI] [Msg] View center of mass service on [/gui/view/com]
(2026-02-21T23:47:24.265196494) (2026-02-21T23:47:24.265205628) [GUI] [Msg] View inertia service on [/gui/view/inertia]
(2026-02-21T23:47:24.265372266) (2026-02-21T23:47:24.265383371) [GUI] [Msg] View collisions service on [/gui/view/collisions]
(2026-02-21T23:47:24.265796983) (2026-02-21T23:47:24.265810092) [GUI] [Msg] View joints service on [/gui/view/joints]
(2026-02-21T23:47:24.266065538) (2026-02-21T23:47:24.266082765) [GUI] [Msg] View frames service on [/gui/view/frames]
(2026-02-21T23:47:24.294592018) (2026-02-21T23:47:24.294605066) [GUI] [Msg] Added plugin [Visualization capabilities] to main window
(2026-02-21T23:47:24.294673787) (2026-02-21T23:47:24.294677178) [GUI] [Msg] Loaded plugin [VisualizationCapabilities] from path [/usr/lib/x86_64-linux-gnu/ign-gazebo-6/plugins/gui/libVisualizationCapabilities.so]
(2026-02-21T23:47:24.294713572) (2026-02-21T23:47:24.294717034) [GUI] [Dbg] [Application.cc:431] Loading plugin [WorldControl]
(2026-02-21T23:47:24.300672124) (2026-02-21T23:47:24.300681141) [GUI] [Msg] Using world control service [/world/empty/control]
(2026-02-21T23:47:24.300995374) (2026-02-21T23:47:24.301002428) [GUI] [Msg] Listening to stats on [/world/empty/stats]
(2026-02-21T23:47:24.301038156) (2026-02-21T23:47:24.301042093) [GUI] [Dbg] [WorldControl.cc:246] Using an event to share WorldControl msgs with the server
(2026-02-21T23:47:24.321901708) (2026-02-21T23:47:24.321932849) [GUI] [Msg] Added plugin [World control] to main window
(2026-02-21T23:47:24.322047809) (2026-02-21T23:47:24.322059788) [GUI] [Msg] Loaded plugin [WorldControl] from path [/usr/lib/x86_64-linux-gnu/ign-gui-6/plugins/libWorldControl.so]
(2026-02-21T23:47:24.322151413) (2026-02-21T23:47:24.322161865) [GUI] [Dbg] [Application.cc:431] Loading plugin [WorldStats]
(2026-02-21T23:47:24.328115613) (2026-02-21T23:47:24.328126332) [GUI] [Msg] Listening to stats on [/world/empty/stats]
(2026-02-21T23:47:24.361446305) (2026-02-21T23:47:24.361469396) [GUI] [Msg] Added plugin [World stats] to main window
(2026-02-21T23:47:24.361547578) (2026-02-21T23:47:24.361553091) [GUI] [Msg] Loaded plugin [WorldStats] from path [/usr/lib/x86_64-linux-gnu/ign-gui-6/plugins/libWorldStats.so]
(2026-02-21T23:47:24.361594027) (2026-02-21T23:47:24.361597352) [GUI] [Dbg] [Application.cc:431] Loading plugin [Shapes]
(2026-02-21T23:47:24.388290775) (2026-02-21T23:47:24.388303749) [GUI] [Msg] Added plugin [Shapes] to main window
(2026-02-21T23:47:24.388354756) (2026-02-21T23:47:24.388358557) [GUI] [Msg] Loaded plugin [Shapes] from path [/usr/lib/x86_64-linux-gnu/ign-gazebo-6/plugins/gui/libShapes.so]
(2026-02-21T23:47:24.388397447) (2026-02-21T23:47:24.388401447) [GUI] [Dbg] [Application.cc:431] Loading plugin [Lights]
(2026-02-21T23:47:24.426956114) (2026-02-21T23:47:24.426974461) [GUI] [Msg] Added plugin [Lights] to main window
(2026-02-21T23:47:24.427040618) (2026-02-21T23:47:24.427045176) [GUI] [Msg] Loaded plugin [Lights] from path [/usr/lib/x86_64-linux-gnu/ign-gazebo-6/plugins/gui/libLights.so]
(2026-02-21T23:47:24.427086525) (2026-02-21T23:47:24.427091988) [GUI] [Dbg] [Application.cc:431] Loading plugin [TransformControl]
(2026-02-21T23:47:24.449131503) (2026-02-21T23:47:24.449143226) [GUI] [Wrn] [Application.cc:802] [QT] file::/TransformControl/TransformControl.qml:104:3: QML Connections: Implicitly defined onFoo properties in Connections are deprecated. Use this syntax instead: function onFoo(<arguments>) { ... }
(2026-02-21T23:47:24.449215300) (2026-02-21T23:47:24.449220070) [GUI] [Wrn] [Application.cc:802] [QT] file::/TransformControl/TransformControl.qml:99:3: QML Connections: Implicitly defined onFoo properties in Connections are deprecated. Use this syntax instead: function onFoo(<arguments>) { ... }
(2026-02-21T23:47:24.449236741) (2026-02-21T23:47:24.449242856) [GUI] [Wrn] [Application.cc:802] [QT] file::/TransformControl/TransformControl.qml:94:3: QML Connections: Implicitly defined onFoo properties in Connections are deprecated. Use this syntax instead: function onFoo(<arguments>) { ... }
(2026-02-21T23:47:24.449258692) (2026-02-21T23:47:24.449262504) [GUI] [Wrn] [Application.cc:802] [QT] file::/TransformControl/TransformControl.qml:89:3: QML Connections: Implicitly defined onFoo properties in Connections are deprecated. Use this syntax instead: function onFoo(<arguments>) { ... }
(2026-02-21T23:47:24.450731329) (2026-02-21T23:47:24.450885097) [GUI] [Dbg] [TransformControl.cc:222] Legacy mode is disabled; this plugin must be used with MinimalScene.
(2026-02-21T23:47:24.470596782) (2026-02-21T23:47:24.470608560) [GUI] [Msg] Added plugin [Transform control] to main window
(2026-02-21T23:47:24.470658682) (2026-02-21T23:47:24.470662417) [GUI] [Msg] Loaded plugin [TransformControl] from path [/usr/lib/x86_64-linux-gnu/ign-gazebo-6/plugins/gui/libTransformControl.so]
(2026-02-21T23:47:24.470695202) (2026-02-21T23:47:24.470698679) [GUI] [Dbg] [Application.cc:431] Loading plugin [Screenshot]
(2026-02-21T23:47:24.476881797) (2026-02-21T23:47:24.476898502) [GUI] [Msg] Screenshot service on [/gui/screenshot]
(2026-02-21T23:47:24.505158483) (2026-02-21T23:47:24.505186632) [GUI] [Msg] Added plugin [Screenshot] to main window
(2026-02-21T23:47:24.505260790) (2026-02-21T23:47:24.505264508) [GUI] [Msg] Loaded plugin [Screenshot] from path [/usr/lib/x86_64-linux-gnu/ign-gui-6/plugins/libScreenshot.so]
(2026-02-21T23:47:24.505302158) (2026-02-21T23:47:24.505305500) [GUI] [Dbg] [Application.cc:431] Loading plugin [CopyPaste]
(2026-02-21T23:47:24.525464836) (2026-02-21T23:47:24.525478744) [GUI] [Msg] Added plugin [Copy/Paste] to main window
(2026-02-21T23:47:24.525536540) (2026-02-21T23:47:24.525540006) [GUI] [Msg] Loaded plugin [CopyPaste] from path [/usr/lib/x86_64-linux-gnu/ign-gazebo-6/plugins/gui/libCopyPaste.so]
(2026-02-21T23:47:24.525574424) (2026-02-21T23:47:24.525577892) [GUI] [Dbg] [Application.cc:431] Loading plugin [ComponentInspector]
(2026-02-21T23:47:24.628609642) (2026-02-21T23:47:24.628655306) [GUI] [Msg] Added plugin [Component inspector] to main window
(2026-02-21T23:47:24.628858927) (2026-02-21T23:47:24.628864586) [GUI] [Msg] Loaded plugin [ComponentInspector] from path [/usr/lib/x86_64-linux-gnu/ign-gazebo-6/plugins/gui/libComponentInspector.so]
(2026-02-21T23:47:24.629014011) (2026-02-21T23:47:24.629020234) [GUI] [Dbg] [Application.cc:431] Loading plugin [EntityTree]
(2026-02-21T23:47:24.723011403) (2026-02-21T23:47:24.723059206) [GUI] [Msg] Added plugin [Entity tree] to main window
(2026-02-21T23:47:24.723425769) (2026-02-21T23:47:24.723434880) [GUI] [Msg] Loaded plugin [EntityTree] from path [/usr/lib/x86_64-linux-gnu/ign-gazebo-6/plugins/gui/libEntityTree.so]
(2026-02-21T23:47:24.723574592) (2026-02-21T23:47:24.723580233) [GUI] [Dbg] [Application.cc:301] Loading window config
(2026-02-21T23:47:24.724195087) (2026-02-21T23:47:24.724204472) [GUI] [Msg] Using server control service [/server_control]
(2026-02-21T23:47:24.724245591) (2026-02-21T23:47:24.724251264) [GUI] [Dbg] [Application.cc:574] Applying config
(2026-02-21T23:47:24.772592077) (2026-02-21T23:47:24.772602846) [GUI] [Wrn] [Application.cc:802] [QT] file::/WorldStats/WorldStats.qml:53:3: QML RowLayout: Binding loop detected for property "x"
(2026-02-21T23:47:24.927952771) (2026-02-21T23:47:24.927966587) [GUI] [Msg] Loading plugin [ignition-rendering-ogre2]
(2026-02-21T23:47:25.239613085) (2026-02-21T23:47:25.239620605) [GUI] [Dbg] [MinimalScene.cc:602] Create scene [scene]
(2026-02-21T23:47:25.482598434) (2026-02-21T23:47:25.482608382) [GUI] [Wrn] [Ogre2RenderTarget.cc:574] Anti-aliasing level of '8' is not supported; valid FSAA levels are: [ 0 4 ]. Setting to 0
(2026-02-21T23:47:25.562459845) (2026-02-21T23:47:25.562471575) [GUI] [Msg] Loading plugin [ignition-rendering-ogre2]
(2026-02-21T23:47:25.562855118) (2026-02-21T23:47:25.562865675) [GUI] [Dbg] [TransformControl.cc:531] TransformControl plugin is using camera [scene::Camera(65527)]
(2026-02-21T23:47:25.562993803) (2026-02-21T23:47:25.563000882) [GUI] [Msg] Loading plugin [ignition-rendering-ogre2]
(2026-02-21T23:47:25.563232198) (2026-02-21T23:47:25.563242791) [GUI] [Msg] Loading plugin [ignition-rendering-ogre2]
(2026-02-21T23:47:25.563394216) (2026-02-21T23:47:25.563402362) [GUI] [Dbg] [Spawn.cc:289] Spawn plugin is using camera [scene::Camera(65527)]
(2026-02-21T23:47:25.563476464) (2026-02-21T23:47:25.563486550) [GUI] [Msg] Loading plugin [ignition-rendering-ogre2]
(2026-02-21T23:47:25.563625760) (2026-02-21T23:47:25.563633135) [GUI] [Dbg] [SelectEntities.cc:451] SelectEntities plugin is using camera [scene::Camera(65527)]
(2026-02-21T23:47:25.563797681) (2026-02-21T23:47:25.563810421) [GUI] [Msg] Loading plugin [ignition-rendering-ogre2]
(2026-02-21T23:47:25.564480065) (2026-02-21T23:47:25.564494118) [GUI] [Dbg] [MarkerManager.cc:173] Advertise /marker/list service.
(2026-02-21T23:47:25.564796875) (2026-02-21T23:47:25.564807154) [GUI] [Dbg] [MarkerManager.cc:183] Advertise /marker/list.
(2026-02-21T23:47:25.564915676) (2026-02-21T23:47:25.564924477) [GUI] [Dbg] [MarkerManager.cc:193] Advertise /marker_array.
(2026-02-21T23:47:25.564979323) (2026-02-21T23:47:25.564987397) [GUI] [Msg] Loading plugin [ignition-rendering-ogre2]
(2026-02-21T23:47:25.565207167) (2026-02-21T23:47:25.565215609) [GUI] [Dbg] [CameraTracking.cc:181] CameraTrackingPrivate plugin is moving camera [scene::Camera(65527)]
(2026-02-21T23:47:25.565379771) (2026-02-21T23:47:25.565387044) [GUI] [Msg] Move to service on [/gui/move_to]
(2026-02-21T23:47:25.565457840) (2026-02-21T23:47:25.565465014) [GUI] [Msg] Follow service on [/gui/follow]
(2026-02-21T23:47:25.565672336) (2026-02-21T23:47:25.565682488) [GUI] [Msg] Move to pose service on [/gui/move_to/pose]
(2026-02-21T23:47:25.565882964) (2026-02-21T23:47:25.565891801) [GUI] [Msg] Camera pose topic advertised on [/gui/camera/pose]
(2026-02-21T23:47:25.566031934) (2026-02-21T23:47:25.566057259) [GUI] [Msg] Follow offset service on [/gui/follow/offset]
(2026-02-21T23:47:25.566129712) (2026-02-21T23:47:25.566136974) [GUI] [Msg] Loading plugin [ignition-rendering-ogre2]
(2026-02-21T23:47:25.566349578) (2026-02-21T23:47:25.566356856) [GUI] [Dbg] [InteractiveViewControl.cc:174] InteractiveViewControl plugin is moving camera [scene::Camera(65527)]
(2026-02-21T23:47:25.566409233) (2026-02-21T23:47:25.566415742) [GUI] [Msg] Loading plugin [ignition-rendering-ogre2]
(2026-02-21T23:47:25.566616477) (2026-02-21T23:47:25.566624237) [GUI] [Msg] Loading plugin [ignition-rendering-ogre2]
(2026-02-21T23:47:25.566826598) (2026-02-21T23:47:25.566837646) [GUI] [Dbg] [EntityContextMenuPlugin.cc:79] Entity context menu plugin is using camera [scene::Camera(65527)]
