(2026-02-21T23:40:07.702564779) (2026-02-21T23:40:07.702581727) [Msg] Ignition Gazebo Server v6.17.1
(2026-02-21T23:40:07.704663838) (2026-02-21T23:40:07.704674862) [Msg] Loading SDF world file[/usr/share/ignition/ignition-gazebo6/worlds/empty.sdf].
(2026-02-21T23:40:07.768408635) (2026-02-21T23:40:07.768426174) [Msg] Serving entity system service on [/entity/system/add]
(2026-02-21T23:40:07.871237625) (2026-02-21T23:40:07.871248615) [Dbg] [Physics.cc:804] Loaded [ignition::physics::dartsim::Plugin] from library [/usr/lib/x86_64-linux-gnu/ign-physics-5/engine-plugins/libignition-physics-dartsim-plugin.so]
(2026-02-21T23:40:07.871398644) (2026-02-21T23:40:07.871407183) [Dbg] [SystemManager.cc:73] Loaded system [gz::sim::systems::Physics] for entity [1]
(2026-02-21T23:40:07.880228682) (2026-02-21T23:40:07.880239257) [Msg] Create service on [/world/empty/create]
(2026-02-21T23:40:07.880419275) (2026-02-21T23:40:07.880425636) [Msg] Remove service on [/world/empty/remove]
(2026-02-21T23:40:07.880554131) (2026-02-21T23:40:07.880561435) [Msg] Pose service on [/world/empty/set_pose]
(2026-02-21T23:40:07.880681292) (2026-02-21T23:40:07.880688104) [Msg] Pose service on [/world/empty/set_pose_vector]
(2026-02-21T23:40:07.880881231) (2026-02-21T23:40:07.880887898) [Msg] Light configuration service on [/world/empty/light_config]
(2026-02-21T23:40:07.881144685) (2026-02-21T23:40:07.881152886) [Msg] Physics service on [/world/empty/set_physics]
(2026-02-21T23:40:07.881304442) (2026-02-21T23:40:07.881311241) [Msg] SphericalCoordinates service on [/world/empty/set_spherical_coordinates]
(2026-02-21T23:40:07.881408912) (2026-02-21T23:40:07.881415447) [Msg] Enable collision service on [/world/empty/enable_collision]
(2026-02-21T23:40:07.881485238) (2026-02-21T23:40:07.881491619) [Msg] Disable collision service on [/world/empty/disable_collision]
(2026-02-21T23:40:07.881742708) (2026-02-21T23:40:07.881750226) [Msg] Material service on [/world/empty/visual_config]
(2026-02-21T23:40:07.881896731) (2026-02-21T23:40:07.881903437) [Msg] Material service on [/world/empty/wheel_slip]
(2026-02-21T23:40:07.881945810) (2026-02-21T23:40:07.881949854) [Dbg] [SystemManager.cc:73] Loaded system [gz::sim::systems::UserCommands] for entity [1]
(2026-02-21T23:40:07.887691736) (2026-02-21T23:40:07.887703491) [Dbg] [SystemManager.cc:73] Loaded system [gz::sim::systems::SceneBroadcaster] for entity [1]
(2026-02-21T23:40:07.891403364) (2026-02-21T23:40:07.891459057) [Dbg] [SystemManager.cc:73] Loaded system [gz::sim::systems::Contact] for entity [1]
(2026-02-21T23:40:07.892320459) (2026-02-21T23:40:07.892331690) [Msg] Loaded level [3]
(2026-02-21T23:40:07.892958023) (2026-02-21T23:40:07.892969088) [Msg] Serving world controls on [/world/empty/control], [/world/empty/control/state] and [/world/empty/playback/control]
(2026-02-21T23:40:07.893185340) (2026-02-21T23:40:07.893192192) [Msg] Serving GUI information on [/world/empty/gui/info]
(2026-02-21T23:40:07.893221169) (2026-02-21T23:40:07.893225042) [Msg] World [empty] initialized with [1ms] physics profile.
(2026-02-21T23:40:07.893418462) (2026-02-21T23:40:07.893425804) [Msg] Serving world SDF generation service on [/world/empty/generate_world_sdf]
(2026-02-21T23:40:07.893597333) (2026-02-21T23:40:07.893606567) [Msg] Serving world names on [/gazebo/worlds]
(2026-02-21T23:40:07.893723617) (2026-02-21T23:40:07.893733013) [Msg] Resource path add service on [/gazebo/resource_paths/add].
(2026-02-21T23:40:07.893959200) (2026-02-21T23:40:07.893970786) [Msg] Resource path get service on [/gazebo/resource_paths/get].
(2026-02-21T23:40:07.894260529) (2026-02-21T23:40:07.894269956) [Msg] Resource path resolve service on [/gazebo/resource_paths/resolve].
(2026-02-21T23:40:07.996123049) (2026-02-21T23:40:07.996143424) [Msg] Resource paths published on [/gazebo/resource_paths].
(2026-02-21T23:40:07.996561143) (2026-02-21T23:40:07.996570201) [Msg] Server control service on [/server_control].
(2026-02-21T23:40:09.598225481) (2026-02-21T23:40:09.598253684) [Msg] Found no publishers on /stats, adding root stats topic
(2026-02-21T23:40:09.598677571) (2026-02-21T23:40:09.598703474) [Msg] Found no publishers on /clock, adding root clock topic
(2026-02-21T23:40:09.599080463) (2026-02-21T23:40:09.599093390) [Dbg] [SimulationRunner.cc:501] Creating PostUpdate worker threads: 3
(2026-02-21T23:40:09.599131718) (2026-02-21T23:40:09.599137520) [Dbg] [SimulationRunner.cc:512] Creating postupdate worker thread (0)
(2026-02-21T23:40:09.599247213) (2026-02-21T23:40:09.599256021) [Dbg] [SimulationRunner.cc:512] Creating postupdate worker thread (1)
(2026-02-21T23:40:10.163414773) (2026-02-21T23:40:10.163480668) [Dbg] [SystemManager.cc:73] Loaded system [ign_ros2_control::IgnitionROS2ControlPlugin] for entity [10]
(2026-02-21T23:40:10.165231295) (2026-02-21T23:40:10.165261593) [Dbg] [UserCommands.cc:1303] Created entity [10] named [panda]
(2026-02-21T23:40:10.216493288) (2026-02-21T23:40:10.216524805) [Msg] Serving scene information on [/world/empty/scene/info]
(2026-02-21T23:40:10.217038370) (2026-02-21T23:40:10.217091579) [Msg] Serving graph information on [/world/empty/scene/graph]
(2026-02-21T23:40:10.218847350) (2026-02-21T23:40:10.218878854) [Msg] Serving full state on [/world/empty/state]
(2026-02-21T23:40:10.219345886) (2026-02-21T23:40:10.219371159) [Msg] Serving full state (async) on [/world/empty/state_async]
(2026-02-21T23:40:10.219875171) (2026-02-21T23:40:10.219902943) [Msg] Publishing scene information on [/world/empty/scene/info]
(2026-02-21T23:40:10.220552249) (2026-02-21T23:40:10.220580502) [Msg] Publishing entity deletions on [/world/empty/scene/deletion]
(2026-02-21T23:40:10.221047693) (2026-02-21T23:40:10.221072202) [Msg] Publishing state changes on [/world/empty/state]
(2026-02-21T23:40:10.221377876) (2026-02-21T23:40:10.221403535) [Msg] Publishing pose messages on [/world/empty/pose/info]
(2026-02-21T23:40:10.221945169) (2026-02-21T23:40:10.221970568) [Msg] Publishing dynamic pose messages on [/world/empty/dynamic_pose/info]
(2026-02-21T23:40:10.224115195) (2026-02-21T23:40:10.224155476) [Dbg] [EntityComponentManager.cc:1623] Updated state thread iterators: 12 threads processing around 5 entities each.
(2026-02-21T23:40:10.232780175) ((2026-02-21T23:40:10.232861383(2026-02-21T23:40:10.2328613832026-02-21T23:40:10.232944713) ) [Dbg] [SimulationRunner.cc:528] Exiting postupdate worker thread (00(2026-02-21T23:40:10.233328045) 0[Dbg] [SimulationRunner.cc:528] Exiting postupdate worker thread (1)
)
(2026-02-21T23:40:10.234866359) (2026-02-21T23:40:10.234900070) [Dbg] [SimulationRunner.cc:501] Creating PostUpdate worker threads: 4
(2026-02-21T23:40:10.234969456) (2026-02-21T23:40:10.234981595) [Dbg] [SimulationRunner.cc:512] Creating postupdate worker thread (0)
(2026-02-21T23:40:10.235169841) (2026-02-21T23:40:10.235192563) [Dbg] [SimulationRunner.cc:512] Creating postupdate worker thread (1)
(2026-02-21T23:40:10.235377562) (2026-02-21T23:40:10.235395935) [Dbg] [SimulationRunner.cc:512] Creating postupdate worker thread (2)
(2026-02-21T23:41:29.743586282) (2026-02-21T23:41:29.743597892) [Dbg] [SignalHandler.cc:141] Received signal[2].
(2026-02-21T23:41:29.743625446) (2026-02-21T23:41:29.743629370) [Dbg] [ServerPrivate.cc:110] Server received signal[2]
(2026-02-21T23:41:29.744115969) (2026-02-21T23:41:29.744124636) [Dbg] [gz.cc:410] Shutting down ign-gazebo-server
(2026-02-21T23:41:29.754307725) (2026-02-21T23:41:29.754339328) [Dbg] [SimulationRunner.cc:528] 2026-02-21T23:41:29.754350824Exiting postupdate worker thread (2)
) ) 2026-02-21T23:41:29.754354469) (2026-02-21T23:41:29.754483601) (2026-02-21T23:41:29.754629486) [Dbg] [SimulationRunner.cc:528] Exiting postupdate worker thread (1)
[Dbg] [SimulationRunner.cc:528] Exiting postupdate worker thread (0)
