23:47:24: Creating resource group General
23:47:24: Creating resource group Internal
23:47:24: Creating resource group Autodetect
23:47:24: SceneManagerFactory for type 'DefaultSceneManager' registered.
23:47:24: Registering ResourceManager for type Material
23:47:24: Registering ResourceManager for type Mesh
23:47:24: Registering ResourceManager for type Mesh2
23:47:24: Registering ResourceManager for type OldSkeleton
23:47:24: MovableObjectFactory for type 'ParticleSystem' registered.
23:47:24: ArchiveFactory for archive type FileSystem registered.
23:47:24: ArchiveFactory for archive type Zip registered.
23:47:24: ArchiveFactory for archive type EmbeddedZip registered.
23:47:24: DDS codec registering
23:47:24: FreeImage version: 3.18.0
23:47:24: This program uses FreeImage, a free, open source image library supporting all common bitmap formats. See http://freeimage.sourceforge.net for details
23:47:24: Supported formats: bmp,ico,jpg,jif,jpeg,jpe,jng,koa,iff,lbm,mng,pbm,pbm,pcd,pcx,pgm,pgm,png,ppm,ppm,ras,tga,targa,tif,tiff,wap,wbmp,wbm,psd,psb,cut,xbm,xpm,gif,hdr,g3,sgi,rgb,rgba,bw,exr,j2k,j2c,jp2,pfm,pct,pict,pic,3fr,arw,bay,bmq,cap,cine,cr2,crw,cs1,dc2,dcr,drf,dsc,dng,erf,fff,ia,iiq,k25,kc2,kdc,mdc,mef,mos,mrw,nef,nrw,orf,pef,ptx,pxn,qtk,raf,raw,rdc,rw2,rwl,rwz,sr2,srf,srw,sti,x3f,webp,jxr,wdp,hdp
23:47:24: OITD codec registering
23:47:24: Registering ResourceManager for type HighLevelGpuProgram
23:47:24: MovableObjectFactory for type 'Decal' registered.
23:47:24: MovableObjectFactory for type 'InternalCubemapProbe' registered.
23:47:24: MovableObjectFactory for type 'Entity' registered.
23:47:24: MovableObjectFactory for type 'Item' registered.
23:47:24: MovableObjectFactory for type 'Light' registered.
23:47:24: MovableObjectFactory for type 'Rectangle2Dv2' registered.
23:47:24: MovableObjectFactory for type 'BillboardSet' registered.
23:47:24: MovableObjectFactory for type 'ManualObject2' registered.
23:47:24: MovableObjectFactory for type 'BillboardChain' registered.
23:47:24: MovableObjectFactory for type 'RibbonTrail' registered.
23:47:24: MovableObjectFactory for type 'WireAabb' registered.
23:47:24: *-*-* OGRE Initialising
23:47:24: *-*-* Version 2.2.5 (Cerberus)
23:47:24: OverlayElementFactory for type Panel registered.
23:47:24: OverlayElementFactory for type BorderPanel registered.
23:47:24: OverlayElementFactory for type TextArea registered.
23:47:24: Registering ResourceManager for type Font
23:47:24: Loading library /usr/lib/x86_64-linux-gnu/OGRE-Next/RenderSystem_GL3Plus.so
23:47:24: Installing plugin: GL 3+ RenderSystem
23:47:24: OpenGL 3+ Rendering Subsystem created.
23:47:24: Found Num EGL Devices: 2
23:47:24: EGL Device: EGL_EXT_device_drm EGL_EXT_device_drm_render_node #0 /dev/dri/card0
23:47:24: Trying to init device: EGL_EXT_device_drm EGL_EXT_device_drm_render_node #0 /dev/dri/card0...
23:47:24: OGRE EXCEPTION(3:RenderingAPIException): eglInitialize failed for device EGL_EXT_device_drm EGL_EXT_device_drm_render_node #0 /dev/dri/card0 in EGLSupport::getGLDisplay at /build/ogre-next-UFfg83/ogre-next-2.2.5+dfsg3/RenderSystems/GL3Plus/src/windowing/EGL/PBuffer/OgreEglPBufferSupport.cpp (line 320)
23:47:24: OGRE EXCEPTION(3:RenderingAPIException): eglInitialize failed for device EGL_EXT_device_drm EGL_EXT_device_drm_render_node #0 /dev/dri/card0 in EGLSupport::getGLDisplay at /build/ogre-next-UFfg83/ogre-next-2.2.5+dfsg3/RenderSystems/GL3Plus/src/windowing/EGL/PBuffer/OgreEglPBufferSupport.cpp (line 320)
23:47:24: Destroying device: EGL_EXT_device_drm EGL_EXT_device_drm_render_node #0 /dev/dri/card0...
23:47:24: EGL Device: EGL_MESA_device_software EGL_EXT_device_drm_render_node #1
23:47:24: Trying to init device: EGL_MESA_device_software EGL_EXT_device_drm_render_node #1...
23:47:24: Created GL 4.5 context for device EGL_MESA_device_software EGL_EXT_device_drm_render_node #1
23:47:24: Destroying device: EGL_MESA_device_software EGL_EXT_device_drm_render_node #1...
23:47:24: Plugin successfully installed
23:47:24: Loading library /usr/lib/x86_64-linux-gnu/OGRE-Next/Plugin_ParticleFX.so
23:47:24: Installing plugin: ParticleFX
23:47:24: Particle Emitter Type 'Point' registered
23:47:24: Particle Emitter Type 'Box' registered
23:47:24: Particle Emitter Type 'Ellipsoid' registered
23:47:24: Particle Emitter Type 'Cylinder' registered
23:47:24: Particle Emitter Type 'Ring' registered
23:47:24: Particle Emitter Type 'HollowEllipsoid' registered
23:47:24: Particle Affector Type 'LinearForce' registered
23:47:24: Particle Affector Type 'ColourFader' registered
23:47:24: Particle Affector Type 'ColourFader2' registered
23:47:24: Particle Affector Type 'ColourImage' registered
23:47:24: Particle Affector Type 'ColourInterpolator' registered
23:47:24: Particle Affector Type 'Scaler' registered
23:47:24: Particle Affector Type 'Rotator' registered
23:47:24: Particle Affector Type 'DirectionRandomiser' registered
23:47:24: Particle Affector Type 'DeflectorPlane' registered
23:47:24: Plugin successfully installed
23:47:24: CPU Identifier & Features
23:47:24: -------------------------
23:47:24:  *   CPU ID: GenuineIntel: 12th Gen Intel(R) Core(TM) i7-1255U
23:47:24:  *   Logical cores: 12
23:47:24:  *      SSE: yes
23:47:24:  *     SSE2: yes
23:47:24:  *     SSE3: yes
23:47:24:  *      MMX: yes
23:47:24:  *   MMXEXT: yes
23:47:24:  *    3DNOW: no
23:47:24:  * 3DNOWEXT: no
23:47:24:  *     CMOV: yes
23:47:24:  *      TSC: yes
23:47:24:  *      FPU: yes
23:47:24:  *      PRO: yes
23:47:24:  *       HT: no
23:47:24: -------------------------
23:47:24: ******************************
*** Starting GLX Subsystem ***
******************************
23:47:24: GL3PlusRenderSystem::_createRenderWindow "OgreWindow(0)_0", 1x1 windowed  miscParams: FSAA=0 border=none contentScalingFactor=1.000000 currentGLContext=true externalGLControl=true gamma=Yes parentWindowHandle=6291474 stereoMode=Frame Sequential 
23:47:24: GLXWindow::create used FBConfigID = 238
23:47:24: GL Version = 4.5.0.0
23:47:24: GL_VERSION = 4.5 (Compatibility Profile) Mesa 23.2.1-1ubuntu3.1~22.04.3
23:47:24: GL_VENDOR = Mesa
23:47:24: GL_RENDERER = llvmpipe (LLVM 15.0.7, 256 bits)
23:47:24: GL_EXTENSIONS = 
23:47:24: GL_3DFX_texture_compression_FXT1
23:47:24: GL_AMD_conservative_depth
23:47:24: GL_AMD_draw_buffers_blend
23:47:24: GL_AMD_multi_draw_indirect
23:47:24: GL_AMD_pinned_memory
23:47:24: GL_AMD_query_buffer_object
23:47:24: GL_AMD_seamless_cubemap_per_texture
23:47:24: GL_AMD_shader_stencil_export
23:47:24: GL_AMD_shader_trinary_minmax
23:47:24: GL_AMD_texture_texture4
23:47:24: GL_AMD_vertex_shader_layer
23:47:24: GL_AMD_vertex_shader_viewport_index
23:47:24: GL_ANGLE_texture_compression_dxt3
23:47:24: GL_ANGLE_texture_compression_dxt5
23:47:24: GL_APPLE_packed_pixels
23:47:24: GL_ARB_ES2_compatibility
23:47:24: GL_ARB_ES3_1_compatibility
23:47:24: GL_ARB_ES3_2_compatibility
23:47:24: GL_ARB_ES3_compatibility
23:47:24: GL_ARB_arrays_of_arrays
23:47:24: GL_ARB_base_instance
23:47:24: GL_ARB_blend_func_extended
23:47:24: GL_ARB_buffer_storage
23:47:24: GL_ARB_clear_buffer_object
23:47:24: GL_ARB_clear_texture
23:47:24: GL_ARB_clip_control
23:47:24: GL_ARB_color_buffer_float
23:47:24: GL_ARB_compatibility
23:47:24: GL_ARB_compressed_texture_pixel_storage
23:47:24: GL_ARB_compute_shader
23:47:24: GL_ARB_conditional_render_inverted
23:47:24: GL_ARB_conservative_depth
23:47:24: GL_ARB_copy_buffer
23:47:24: GL_ARB_copy_image
23:47:24: GL_ARB_cull_distance
23:47:24: GL_ARB_debug_output
23:47:24: GL_ARB_depth_buffer_float
23:47:24: GL_ARB_depth_clamp
23:47:24: GL_ARB_depth_texture
23:47:24: GL_ARB_derivative_control
23:47:24: GL_ARB_direct_state_access
23:47:24: GL_ARB_draw_buffers
23:47:24: GL_ARB_draw_buffers_blend
23:47:24: GL_ARB_draw_elements_base_vertex
23:47:24: GL_ARB_draw_indirect
23:47:24: GL_ARB_draw_instanced
23:47:24: GL_ARB_enhanced_layouts
23:47:24: GL_ARB_explicit_attrib_location
23:47:24: GL_ARB_explicit_uniform_location
23:47:24: GL_ARB_fragment_coord_conventions
23:47:24: GL_ARB_fragment_layer_viewport
23:47:24: GL_ARB_fragment_program
23:47:24: GL_ARB_fragment_program_shadow
23:47:24: GL_ARB_fragment_shader
23:47:24: GL_ARB_framebuffer_no_attachments
23:47:24: GL_ARB_framebuffer_object
23:47:24: GL_ARB_framebuffer_sRGB
23:47:24: GL_ARB_get_program_binary
23:47:24: GL_ARB_get_texture_sub_image
23:47:24: GL_ARB_gl_spirv
23:47:24: GL_ARB_gpu_shader5
23:47:24: GL_ARB_gpu_shader_fp64
23:47:24: GL_ARB_gpu_shader_int64
23:47:24: GL_ARB_half_float_pixel
23:47:24: GL_ARB_half_float_vertex
23:47:24: GL_ARB_indirect_parameters
23:47:24: GL_ARB_instanced_arrays
23:47:24: GL_ARB_internalformat_query
23:47:24: GL_ARB_internalformat_query2
23:47:24: GL_ARB_invalidate_subdata
23:47:24: GL_ARB_map_buffer_alignment
23:47:24: GL_ARB_map_buffer_range
23:47:24: GL_ARB_multi_bind
23:47:24: GL_ARB_multi_draw_indirect
23:47:24: GL_ARB_multisample
23:47:24: GL_ARB_multitexture
23:47:24: GL_ARB_occlusion_query
23:47:24: GL_ARB_occlusion_query2
23:47:24: GL_ARB_parallel_shader_compile
23:47:24: GL_ARB_pipeline_statistics_query
23:47:24: GL_ARB_pixel_buffer_object
23:47:24: GL_ARB_point_parameters
23:47:24: GL_ARB_point_sprite
23:47:24: GL_ARB_polygon_offset_clamp
23:47:24: GL_ARB_post_depth_coverage
23:47:24: GL_ARB_program_interface_query
23:47:24: GL_ARB_provoking_vertex
23:47:24: GL_ARB_query_buffer_object
23:47:24: GL_ARB_robust_buffer_access_behavior
23:47:24: GL_ARB_robustness
23:47:24: GL_ARB_sample_shading
23:47:24: GL_ARB_sampler_objects
23:47:24: GL_ARB_seamless_cube_map
23:47:24: GL_ARB_seamless_cubemap_per_texture
23:47:24: GL_ARB_separate_shader_objects
23:47:24: GL_ARB_shader_atomic_counter_ops
23:47:24: GL_ARB_shader_atomic_counters
23:47:24: GL_ARB_shader_ballot
23:47:24: GL_ARB_shader_bit_encoding
23:47:24: GL_ARB_shader_clock
23:47:24: GL_ARB_shader_draw_parameters
23:47:24: GL_ARB_shader_group_vote
23:47:24: GL_ARB_shader_image_load_store
23:47:24: GL_ARB_shader_image_size
23:47:24: GL_ARB_shader_objects
23:47:24: GL_ARB_shader_precision
23:47:24: GL_ARB_shader_stencil_export
23:47:24: GL_ARB_shader_storage_buffer_object
23:47:24: GL_ARB_shader_subroutine
23:47:24: GL_ARB_shader_texture_image_samples
23:47:24: GL_ARB_shader_texture_lod
23:47:24: GL_ARB_shader_viewport_layer_array
23:47:24: GL_ARB_shading_language_100
23:47:24: GL_ARB_shading_language_420pack
23:47:24: GL_ARB_shading_language_include
23:47:24: GL_ARB_shading_language_packing
23:47:24: GL_ARB_shadow
23:47:24: GL_ARB_spirv_extensions
23:47:24: GL_ARB_stencil_texturing
23:47:24: GL_ARB_sync
23:47:24: GL_ARB_tessellation_shader
23:47:24: GL_ARB_texture_barrier
23:47:24: GL_ARB_texture_border_clamp
23:47:24: GL_ARB_texture_buffer_object
23:47:24: GL_ARB_texture_buffer_object_rgb32
23:47:24: GL_ARB_texture_buffer_range
23:47:24: GL_ARB_texture_compression
23:47:24: GL_ARB_texture_compression_bptc
23:47:24: GL_ARB_texture_compression_rgtc
23:47:24: GL_ARB_texture_cube_map
23:47:24: GL_ARB_texture_cube_map_array
23:47:24: GL_ARB_texture_env_add
23:47:24: GL_ARB_texture_env_combine
23:47:24: GL_ARB_texture_env_crossbar
23:47:24: GL_ARB_texture_env_dot3
23:47:24: GL_ARB_texture_filter_anisotropic
23:47:24: GL_ARB_texture_filter_minmax
23:47:24: GL_ARB_texture_float
23:47:24: GL_ARB_texture_gather
23:47:24: GL_ARB_texture_mirror_clamp_to_edge
23:47:24: GL_ARB_texture_mirrored_repeat
23:47:24: GL_ARB_texture_multisample
23:47:24: GL_ARB_texture_non_power_of_two
23:47:24: GL_ARB_texture_query_levels
23:47:24: GL_ARB_texture_query_lod
23:47:24: GL_ARB_texture_rectangle
23:47:24: GL_ARB_texture_rg
23:47:24: GL_ARB_texture_rgb10_a2ui
23:47:24: GL_ARB_texture_stencil8
23:47:24: GL_ARB_texture_storage
23:47:24: GL_ARB_texture_storage_multisample
23:47:24: GL_ARB_texture_swizzle
23:47:24: GL_ARB_texture_view
23:47:24: GL_ARB_timer_query
23:47:24: GL_ARB_transform_feedback2
23:47:24: GL_ARB_transform_feedback3
23:47:24: GL_ARB_transform_feedback_instanced
23:47:24: GL_ARB_transform_feedback_overflow_query
23:47:24: GL_ARB_transpose_matrix
23:47:24: GL_ARB_uniform_buffer_object
23:47:24: GL_ARB_vertex_array_bgra
23:47:24: GL_ARB_vertex_array_object
23:47:24: GL_ARB_vertex_attrib_64bit
23:47:24: GL_ARB_vertex_attrib_binding
23:47:24: GL_ARB_vertex_buffer_object
23:47:24: GL_ARB_vertex_program
23:47:24: GL_ARB_vertex_shader
23:47:24: GL_ARB_vertex_type_10f_11f_11f_rev
23:47:24: GL_ARB_vertex_type_2_10_10_10_rev
23:47:24: GL_ARB_viewport_array
23:47:24: GL_ARB_window_pos
23:47:24: GL_ARM_shader_framebuffer_fetch_depth_stencil
23:47:24: GL_ATI_blend_equation_separate
23:47:24: GL_ATI_draw_buffers
23:47:24: GL_ATI_fragment_shader
23:47:24: GL_ATI_meminfo
23:47:24: GL_ATI_separate_stencil
23:47:24: GL_ATI_texture_compression_3dc
23:47:24: GL_ATI_texture_env_combine3
23:47:24: GL_ATI_texture_float
23:47:24: GL_ATI_texture_mirror_once
23:47:24: GL_EXT_EGL_image_storage
23:47:24: GL_EXT_EGL_sync
23:47:24: GL_EXT_abgr
23:47:24: GL_EXT_bgra
23:47:24: GL_EXT_blend_color
23:47:24: GL_EXT_blend_equation_separate
23:47:24: GL_EXT_blend_func_separate
23:47:24: GL_EXT_blend_minmax
23:47:24: GL_EXT_blend_subtract
23:47:24: GL_EXT_compiled_vertex_array
23:47:24: GL_EXT_copy_texture
23:47:24: GL_EXT_debug_label
23:47:24: GL_EXT_direct_state_access
23:47:24: GL_EXT_draw_buffers2
23:47:24: GL_EXT_draw_instanced
23:47:24: GL_EXT_draw_range_elements
23:47:24: GL_EXT_fog_coord
23:47:24: GL_EXT_framebuffer_blit
23:47:24: GL_EXT_framebuffer_multisample
23:47:24: GL_EXT_framebuffer_multisample_blit_scaled
23:47:24: GL_EXT_framebuffer_object
23:47:24: GL_EXT_framebuffer_sRGB
23:47:24: GL_EXT_gpu_program_parameters
23:47:24: GL_EXT_gpu_shader4
23:47:24: GL_EXT_memory_object
23:47:24: GL_EXT_memory_object_fd
23:47:24: GL_EXT_multi_draw_arrays
23:47:24: GL_EXT_packed_depth_stencil
23:47:24: GL_EXT_packed_float
23:47:24: GL_EXT_packed_pixels
23:47:24: GL_EXT_pixel_buffer_object
23:47:24: GL_EXT_point_parameters
23:47:24: GL_EXT_polygon_offset_clamp
23:47:24: GL_EXT_provoking_vertex
23:47:24: GL_EXT_rescale_normal
23:47:24: GL_EXT_secondary_color
23:47:24: GL_EXT_separate_specular_color
23:47:24: GL_EXT_shader_framebuffer_fetch
23:47:24: GL_EXT_shader_framebuffer_fetch_non_coherent
23:47:24: GL_EXT_shader_integer_mix
23:47:24: GL_EXT_shadow_funcs
23:47:24: GL_EXT_stencil_two_side
23:47:24: GL_EXT_stencil_wrap
23:47:24: GL_EXT_subtexture
23:47:24: GL_EXT_texture
23:47:24: GL_EXT_texture3D
23:47:24: GL_EXT_texture_array
23:47:24: GL_EXT_texture_buffer_object
23:47:24: GL_EXT_texture_compression_dxt1
23:47:24: GL_EXT_texture_compression_latc
23:47:24: GL_EXT_texture_compression_rgtc
23:47:24: GL_EXT_texture_compression_s3tc
23:47:24: GL_EXT_texture_cube_map
23:47:24: GL_EXT_texture_edge_clamp
23:47:24: GL_EXT_texture_env_add
23:47:24: GL_EXT_texture_env_combine
23:47:24: GL_EXT_texture_env_dot3
23:47:24: GL_EXT_texture_filter_anisotropic
23:47:24: GL_EXT_texture_filter_minmax
23:47:24: GL_EXT_texture_integer
23:47:24: GL_EXT_texture_lod_bias
23:47:24: GL_EXT_texture_mirror_clamp
23:47:24: GL_EXT_texture_object
23:47:24: GL_EXT_texture_rectangle
23:47:24: GL_EXT_texture_sRGB
23:47:24: GL_EXT_texture_sRGB_R8
23:47:24: GL_EXT_texture_sRGB_RG8
23:47:24: GL_EXT_texture_sRGB_decode
23:47:24: GL_EXT_texture_shadow_lod
23:47:24: GL_EXT_texture_shared_exponent
23:47:24: GL_EXT_texture_snorm
23:47:24: GL_EXT_texture_swizzle
23:47:24: GL_EXT_timer_query
23:47:24: GL_EXT_transform_feedback
23:47:24: GL_EXT_vertex_array
23:47:24: GL_EXT_vertex_array_bgra
23:47:24: GL_EXT_vertex_attrib_64bit
23:47:24: GL_IBM_multimode_draw_arrays
23:47:24: GL_IBM_rasterpos_clip
23:47:24: GL_IBM_texture_mirrored_repeat
23:47:24: GL_INGR_blend_func_separate
23:47:24: GL_INTEL_shader_atomic_float_minmax
23:47:24: GL_KHR_blend_equation_advanced
23:47:24: GL_KHR_blend_equation_advanced_coherent
23:47:24: GL_KHR_context_flush_control
23:47:24: GL_KHR_debug
23:47:24: GL_KHR_no_error
23:47:24: GL_KHR_parallel_shader_compile
23:47:24: GL_KHR_robust_buffer_access_behavior
23:47:24: GL_KHR_robustness
23:47:24: GL_KHR_texture_compression_astc_ldr
23:47:24: GL_KHR_texture_compression_astc_sliced_3d
23:47:24: GL_MESA_framebuffer_flip_y
23:47:24: GL_MESA_pack_invert
23:47:24: GL_MESA_shader_integer_functions
23:47:24: GL_MESA_texture_signed_rgba
23:47:24: GL_MESA_window_pos
23:47:24: GL_MESA_ycbcr_texture
23:47:24: GL_NVX_gpu_memory_info
23:47:24: GL_NV_ES1_1_compatibility
23:47:24: GL_NV_blend_square
23:47:24: GL_NV_conditional_render
23:47:24: GL_NV_copy_depth_to_color
23:47:24: GL_NV_copy_image
23:47:24: GL_NV_depth_clamp
23:47:24: GL_NV_fog_distance
23:47:24: GL_NV_half_float
23:47:24: GL_NV_light_max_exponent
23:47:24: GL_NV_packed_depth_stencil
23:47:24: GL_NV_primitive_restart
23:47:24: GL_NV_shader_atomic_float
23:47:24: GL_NV_texgen_reflection
23:47:24: GL_NV_texture_barrier
23:47:24: GL_NV_texture_env_combine4
23:47:24: GL_NV_texture_rectangle
23:47:24: GL_OES_EGL_image
23:47:24: GL_OES_read_format
23:47:24: GL_S3_s3tc
23:47:24: GL_SGIS_generate_mipmap
23:47:24: GL_SGIS_texture_border_clamp
23:47:24: GL_SGIS_texture_edge_clamp
23:47:24: GL_SGIS_texture_lod
23:47:24: GL_SUN_multi_draw_arrays
23:47:24: **************************************
23:47:24: ***   OpenGL 3+ Renderer Started   ***
23:47:24: **************************************
23:47:25: Registering ResourceManager for type GpuProgram
23:47:25: RenderSystem capabilities
23:47:25: -------------------------
23:47:25: RenderSystem Name: OpenGL 3+ Rendering Subsystem
23:47:25: GPU Vendor: unknown
23:47:25: Device Name: llvmpipe (LLVM 15.0.7, 256 bits)
23:47:25: Driver Version: 4.5.0.0
23:47:25:  * Fixed function pipeline: no
23:47:25:  * Hardware generation of mipmaps: yes
23:47:25:  * Texture blending: yes
23:47:25:  * Anisotropic texture filtering: yes
23:47:25:  * Dot product texture operation: yes
23:47:25:  * Cube mapping: yes
23:47:25:  * Hardware stencil buffer: yes
23:47:25:    - Stencil depth: 8
23:47:25:    - Two sided stencil support: yes
23:47:25:    - Wrap stencil values: yes
23:47:25:  * Hardware vertex / index buffers: yes
23:47:25:  * 32-bit index buffers: yes
23:47:25:  * Vertex programs: yes
23:47:25:  * Number of floating-point constants for vertex programs: 16384
23:47:25:  * Number of integer constants for vertex programs: 16384
23:47:25:  * Number of boolean constants for vertex programs: 16384
23:47:25:  * Fragment programs: yes
23:47:25:  * Number of floating-point constants for fragment programs: 16384
23:47:25:  * Number of integer constants for fragment programs: 16384
23:47:25:  * Number of boolean constants for fragment programs: 16384
23:47:25:  * Geometry programs: yes
23:47:25:  * Number of floating-point constants for geometry programs: 16384
23:47:25:  * Number of integer constants for geometry programs: 16384
23:47:25:  * Number of boolean constants for geometry programs: 16384
23:47:25:  * Tessellation Hull programs: yes
23:47:25:  * Number of floating-point constants for tessellation hull programs: 16384
23:47:25:  * Number of integer constants for tessellation hull programs: 16384
23:47:25:  * Number of boolean constants for tessellation hull programs: 16384
23:47:25:  * Tessellation Domain programs: yes
23:47:25:  * Number of floating-point constants for tessellation domain programs: 16384
23:47:25:  * Number of integer constants for tessellation domain programs: 16384
23:47:25:  * Number of boolean constants for tessellation domain programs: 16384
23:47:25:  * Compute programs: yes
23:47:25:  * Number of floating-point constants for compute programs: 16384
23:47:25:  * Number of integer constants for compute programs: 16384
23:47:25:  * Number of boolean constants for compute programs: 16384
23:47:25:  * Supported Shader Profiles: glsl glsl130 glsl140 glsl150 glsl330 glsl400 glsl410 glsl420 glsl430 glsl440
23:47:25:  * Texture Compression: yes
23:47:25:    - DXT: yes
23:47:25:    - VTC: no
23:47:25:    - PVRTC: no
23:47:25:    - ATC: no
23:47:25:    - ETC1: no
23:47:25:    - ETC2: yes
23:47:25:    - BC4/BC5: yes
23:47:25:    - BC6H/BC7: yes
23:47:25:    - ASTC: yes
23:47:25:  * Hardware Occlusion Query: yes
23:47:25:  * User clip planes: yes
23:47:25:  * VET_UBYTE4 vertex element type: yes
23:47:25:  * Infinite far plane projection: yes
23:47:25:  * Hardware render-to-texture: yes
23:47:25:  * Floating point textures: yes
23:47:25:  * Non-power-of-two textures: yes
23:47:25:  * 1d textures: yes
23:47:25:  * Volume textures: yes
23:47:25:  * Max Texture resolution (2D) 16384
23:47:25:  * Max Texture resolution (3D) 2048
23:47:25:  * Max Texture resolution (Cubemaps) 16384
23:47:25:  * Multiple Render Targets: 8
23:47:25:    - With different bit depths: yes
23:47:25:  * Point Sprites: yes
23:47:25:  * Extended point parameters: yes
23:47:25:  * Max Point Size: 255
23:47:25:  * Vertex texture fetch: yes
23:47:25:  * Number of world matrices: 0
23:47:25:  * Number of texture units: 16
23:47:25:  * Stencil buffer depth: 8
23:47:25:  * Number of vertex blend matrices: 0
23:47:25:    - Max vertex textures: 32
23:47:25:    - Vertex textures shared: yes
23:47:25:  * Render to Vertex Buffer : yes
23:47:25:  * Hardware Atomic Counters: yes
23:47:25:  * Compute max threads per threadgroup per axis: 1024, 1024, 64
23:47:25:  * Compute max threads per threadgroup total: 1024
23:47:25:  * GL 1.5 without VBO workaround: no
23:47:25:  * Frame Buffer objects: yes
23:47:25:  * Frame Buffer objects (ARB extension): no
23:47:25:  * Frame Buffer objects (ATI extension): no
23:47:25:  * PBuffer support: no
23:47:25:  * GL 1.5 without HW-occlusion workaround: no
23:47:25:  * Vertex Array Objects: yes
23:47:25:  * Separate shader objects: no
23:47:25:  * Using Reverse Z: yes
23:47:25: DefaultWorkQueue('Root') initialising on thread main.
23:47:25: Particle Renderer Type 'billboard' registered
23:47:25: Added resource location '/usr/share/ignition/ignition-rendering6/ogre2/media/2.0/scripts/Compositors' of type 'FileSystem' to resource group 'General'
23:47:25: Added resource location '/usr/share/ignition/ignition-rendering6/ogre2/media/2.0/scripts/materials/Common' of type 'FileSystem' to resource group 'General'
23:47:25: Added resource location '/usr/share/ignition/ignition-rendering6/ogre2/media/2.0/scripts/materials/Common/GLSL' of type 'FileSystem' to resource group 'General'
23:47:25: Added resource location '/usr/share/ignition/ignition-rendering6/ogre2/media/2.0/scripts/materials/Common/GLSLES' of type 'FileSystem' to resource group 'General'
23:47:25: Added resource location '/usr/share/ignition/ignition-rendering6/ogre2/media/2.0/scripts/materials/Terra' of type 'FileSystem' to resource group 'General'
23:47:25: Added resource location '/usr/share/ignition/ignition-rendering6/ogre2/media/2.0/scripts/materials/Terra/GLSL' of type 'FileSystem' to resource group 'General'
23:47:25: Added resource location '/usr/share/ignition/ignition-rendering6/ogre2/media' of type 'FileSystem' to resource group 'General'
23:47:25: Added resource location '/usr/share/ignition/ignition-rendering6/ogre2/media/materials/programs' of type 'FileSystem' to resource group 'General'
23:47:25: Added resource location '/usr/share/ignition/ignition-rendering6/ogre2/media/materials/programs/GLSL' of type 'FileSystem' to resource group 'General'
23:47:25: Added resource location '/usr/share/ignition/ignition-rendering6/ogre2/media/materials/programs/Metal' of type 'FileSystem' to resource group 'General'
23:47:25: Added resource location '/usr/share/ignition/ignition-rendering6/ogre2/media/materials/scripts' of type 'FileSystem' to resource group 'General'
23:47:25: Added resource location '/usr/share/ignition/ignition-rendering6/ogre2/media/materials/textures' of type 'FileSystem' to resource group 'General'
23:47:25: Parsing scripts for resource group Autodetect
23:47:25: Finished parsing scripts for resource group Autodetect
23:47:25: Creating resources for group Autodetect
23:47:25: All done
23:47:25: Parsing scripts for resource group General
23:47:25: Parsing script Quad.program
23:47:25: Parsing script DPSM.material
23:47:25: Parsing script DepthUtils.material
23:47:25: Parsing script Copyback.material
23:47:25: Parsing script EsmGaussianBlurLogFilter.material
23:47:25: Parsing script GpuNormalMapper.material
23:47:25: Parsing script gaussian_noise.material
23:47:25: Parsing script gpu_rays.material
23:47:25: Parsing script picker.material
23:47:25: Parsing script selection_buffer.material
23:47:25: Parsing script depth_camera.material
23:47:25: Parsing script point_cloud_point.material
23:47:25: Parsing script skybox.material
23:47:25: Parsing script thermal.material
23:47:25: Parsing script GpuNormalMapper.compositor
23:47:25: Parsing script TerraShadowGenerator.compositor
23:47:25: Parsing script EsmGaussianBlurLogFilter.material.json
23:47:25: Parsing script Mipmaps.material.json
23:47:25: Parsing script TerraShadowGenerator.material.json
23:47:25: Finished parsing scripts for resource group General
23:47:25: Creating resources for group General
23:47:25: All done
23:47:25: Parsing scripts for resource group Internal
23:47:25: Finished parsing scripts for resource group Internal
23:47:25: Creating resources for group Internal
23:47:25: All done
23:47:25: Added resource location '/usr/share/ignition/ignition-rendering6/media/materials/textures/' of type 'FileSystem' to resource group 'General'
23:47:26: Can't assign material scene::Material(65502) because this Material does not exist. Have you forgotten to define it in a .material script?
23:47:26: Added resource location '/home/user/ros2_ws/install/panda_description/share/panda_description/meshes/visual' of type 'FileSystem' to resource group 'General' with recursive option
23:47:26: Initialising resource group General
23:47:26: OGRE EXCEPTION(5:ItemIdentityException): Cannot locate an appropriate 2D texture coordinate set for all the vertex data in this mesh to create tangents from.  in Mesh::suggestTangentVectorBuildParams at /build/ogre-next-UFfg83/ogre-next-2.2.5+dfsg3/OgreMain/src/OgreMesh.cpp (line 1881)
23:47:26: Can't assign material scene::Material(65496) because this Material does not exist. Have you forgotten to define it in a .material script?
23:47:26: Can't assign material scene::Material(65495) because this Material does not exist. Have you forgotten to define it in a .material script?
23:47:26: Can't assign material scene::Material(65494) because this Material does not exist. Have you forgotten to define it in a .material script?
23:47:26: Can't assign material scene::Material(65493) because this Material does not exist. Have you forgotten to define it in a .material script?
23:47:26: Can't assign material scene::Material(65492) because this Material does not exist. Have you forgotten to define it in a .material script?
23:47:26: Can't assign material scene::Material(65491) because this Material does not exist. Have you forgotten to define it in a .material script?
23:47:26: Can't assign material scene::Material(65490) because this Material does not exist. Have you forgotten to define it in a .material script?
23:47:26: Can't assign material scene::Material(65489) because this Material does not exist. Have you forgotten to define it in a .material script?
23:47:26: Can't assign material scene::Material(65488) because this Material does not exist. Have you forgotten to define it in a .material script?
23:47:26: Can't assign material scene::Material(65487) because this Material does not exist. Have you forgotten to define it in a .material script?
23:47:26: Can't assign material scene::Material(65486) because this Material does not exist. Have you forgotten to define it in a .material script?
23:47:26: Can't assign material scene::Material(65485) because this Material does not exist. Have you forgotten to define it in a .material script?
23:47:26: OGRE EXCEPTION(5:ItemIdentityException): Cannot locate an appropriate 2D texture coordinate set for all the vertex data in this mesh to create tangents from.  in Mesh::suggestTangentVectorBuildParams at /build/ogre-next-UFfg83/ogre-next-2.2.5+dfsg3/OgreMain/src/OgreMesh.cpp (line 1881)
23:47:26: Can't assign material scene::Material(65458) because this Material does not exist. Have you forgotten to define it in a .material script?
23:47:26: OGRE EXCEPTION(5:ItemIdentityException): Cannot locate an appropriate 2D texture coordinate set for all the vertex data in this mesh to create tangents from.  in Mesh::suggestTangentVectorBuildParams at /build/ogre-next-UFfg83/ogre-next-2.2.5+dfsg3/OgreMain/src/OgreMesh.cpp (line 1881)
23:47:26: Can't assign material scene::Material(65453) because this Material does not exist. Have you forgotten to define it in a .material script?
23:47:26: OGRE EXCEPTION(5:ItemIdentityException): Cannot locate an appropriate 2D texture coordinate set for all the vertex data in this mesh to create tangents from.  in Mesh::suggestTangentVectorBuildParams at /build/ogre-next-UFfg83/ogre-next-2.2.5+dfsg3/OgreMain/src/OgreMesh.cpp (line 1881)
23:47:26: Can't assign material scene::Material(65448) because this Material does not exist. Have you forgotten to define it in a .material script?
23:47:26: Can't assign material scene::Material(65447) because this Material does not exist. Have you forgotten to define it in a .material script?
23:47:26: Can't assign material scene::Material(65446) because this Material does not exist. Have you forgotten to define it in a .material script?
23:47:26: Can't assign material scene::Material(65445) because this Material does not exist. Have you forgotten to define it in a .material script?
23:47:26: OGRE EXCEPTION(5:ItemIdentityException): Cannot locate an appropriate 2D texture coordinate set for all the vertex data in this mesh to create tangents from.  in Mesh::suggestTangentVectorBuildParams at /build/ogre-next-UFfg83/ogre-next-2.2.5+dfsg3/OgreMain/src/OgreMesh.cpp (line 1881)
23:47:26: Can't assign material scene::Material(65434) because this Material does not exist. Have you forgotten to define it in a .material script?
23:47:26: Can't assign material scene::Material(65433) because this Material does not exist. Have you forgotten to define it in a .material script?
23:47:26: Can't assign material scene::Material(65432) because this Material does not exist. Have you forgotten to define it in a .material script?
23:47:26: Can't assign material scene::Material(65431) because this Material does not exist. Have you forgotten to define it in a .material script?
23:47:26: OGRE EXCEPTION(5:ItemIdentityException): Cannot locate an appropriate 2D texture coordinate set for all the vertex data in this mesh to create tangents from.  in Mesh::suggestTangentVectorBuildParams at /build/ogre-next-UFfg83/ogre-next-2.2.5+dfsg3/OgreMain/src/OgreMesh.cpp (line 1881)
23:47:26: Can't assign material scene::Material(65420) because this Material does not exist. Have you forgotten to define it in a .material script?
23:47:26: Can't assign material scene::Material(65419) because this Material does not exist. Have you forgotten to define it in a .material script?
23:47:26: Can't assign material scene::Material(65418) because this Material does not exist. Have you forgotten to define it in a .material script?
23:47:26: Can't assign material scene::Material(65417) because this Material does not exist. Have you forgotten to define it in a .material script?
23:47:26: OGRE EXCEPTION(5:ItemIdentityException): Cannot locate an appropriate 2D texture coordinate set for all the vertex data in this mesh to create tangents from.  in Mesh::suggestTangentVectorBuildParams at /build/ogre-next-UFfg83/ogre-next-2.2.5+dfsg3/OgreMain/src/OgreMesh.cpp (line 1881)
23:47:26: Can't assign material scene::Material(65406) because this Material does not exist. Have you forgotten to define it in a .material script?
23:47:26: Can't assign material scene::Material(65405) because this Material does not exist. Have you forgotten to define it in a .material script?
23:47:26: Can't assign material scene::Material(65404) because this Material does not exist. Have you forgotten to define it in a .material script?
23:47:26: Can't assign material scene::Material(65403) because this Material does not exist. Have you forgotten to define it in a .material script?
23:47:26: Can't assign material scene::Material(65402) because this Material does not exist. Have you forgotten to define it in a .material script?
23:47:26: Can't assign material scene::Material(65401) because this Material does not exist. Have you forgotten to define it in a .material script?
23:47:26: Can't assign material scene::Material(65400) because this Material does not exist. Have you forgotten to define it in a .material script?
23:47:26: Can't assign material scene::Material(65399) because this Material does not exist. Have you forgotten to define it in a .material script?
23:47:26: Can't assign material scene::Material(65398) because this Material does not exist. Have you forgotten to define it in a .material script?
23:47:26: Can't assign material scene::Material(65397) because this Material does not exist. Have you forgotten to define it in a .material script?
23:47:26: Can't assign material scene::Material(65396) because this Material does not exist. Have you forgotten to define it in a .material script?
23:47:26: Can't assign material scene::Material(65395) because this Material does not exist. Have you forgotten to define it in a .material script?
23:47:26: Can't assign material scene::Material(65394) because this Material does not exist. Have you forgotten to define it in a .material script?
23:47:26: Can't assign material scene::Material(65393) because this Material does not exist. Have you forgotten to define it in a .material script?
23:47:26: Can't assign material scene::Material(65392) because this Material does not exist. Have you forgotten to define it in a .material script?
23:47:26: Can't assign material scene::Material(65391) because this Material does not exist. Have you forgotten to define it in a .material script?
23:47:26: Can't assign material scene::Material(65390) because this Material does not exist. Have you forgotten to define it in a .material script?
23:47:26: Can't assign material scene::Material(65389) because this Material does not exist. Have you forgotten to define it in a .material script?
23:47:26: OGRE EXCEPTION(5:ItemIdentityException): Cannot locate an appropriate 2D texture coordinate set for all the vertex data in this mesh to create tangents from.  in Mesh::suggestTangentVectorBuildParams at /build/ogre-next-UFfg83/ogre-next-2.2.5+dfsg3/OgreMain/src/OgreMesh.cpp (line 1881)
23:47:26: Can't assign material scene::Material(65350) because this Material does not exist. Have you forgotten to define it in a .material script?
23:47:26: Can't assign material scene::Material(65349) because this Material does not exist. Have you forgotten to define it in a .material script?
23:47:26: Can't assign material scene::Material(65348) because this Material does not exist. Have you forgotten to define it in a .material script?
23:47:26: Can't assign material scene::Material(65347) because this Material does not exist. Have you forgotten to define it in a .material script?
23:47:26: Can't assign material scene::Material(65346) because this Material does not exist. Have you forgotten to define it in a .material script?
23:47:26: Can't assign material scene::Material(65345) because this Material does not exist. Have you forgotten to define it in a .material script?
23:47:26: Can't assign material scene::Material(65344) because this Material does not exist. Have you forgotten to define it in a .material script?
23:47:26: Can't assign material scene::Material(65343) because this Material does not exist. Have you forgotten to define it in a .material script?
23:47:26: Can't assign material scene::Material(65342) because this Material does not exist. Have you forgotten to define it in a .material script?
23:47:26: OGRE EXCEPTION(5:ItemIdentityException): Cannot locate an appropriate 2D texture coordinate set for all the vertex data in this mesh to create tangents from.  in Mesh::suggestTangentVectorBuildParams at /build/ogre-next-UFfg83/ogre-next-2.2.5+dfsg3/OgreMain/src/OgreMesh.cpp (line 1881)
23:47:26: Can't assign material scene::Material(65321) because this Material does not exist. Have you forgotten to define it in a .material script?
23:47:26: Can't assign material scene::Material(65320) because this Material does not exist. Have you forgotten to define it in a .material script?
23:47:26: Can't assign material scene::Material(65319) because this Material does not exist. Have you forgotten to define it in a .material script?
23:47:26: Can't assign material scene::Material(65318) because this Material does not exist. Have you forgotten to define it in a .material script?
23:47:26: Can't assign material scene::Material(65317) because this Material does not exist. Have you forgotten to define it in a .material script?
23:47:26: OGRE EXCEPTION(5:ItemIdentityException): Cannot locate an appropriate 2D texture coordinate set for all the vertex data in this mesh to create tangents from.  in Mesh::suggestTangentVectorBuildParams at /build/ogre-next-UFfg83/ogre-next-2.2.5+dfsg3/OgreMain/src/OgreMesh.cpp (line 1881)
23:47:26: Can't assign material scene::Material(65304) because this Material does not exist. Have you forgotten to define it in a .material script?
23:47:26: Can't assign material scene::Material(65303) because this Material does not exist. Have you forgotten to define it in a .material script?
23:47:26: Can't assign material scene::Material(65304) because this Material does not exist. Have you forgotten to define it in a .material script?
23:47:26: Can't assign material scene::Material(65303) because this Material does not exist. Have you forgotten to define it in a .material script?
23:47:26: Vertex Shader: 100000002VertexShader_vs
Fragment Shader: 100000002PixelShader_ps
 GLSL validation result : 
active samplers with a different type refer to the same texture image unit
23:47:26: Vertex Shader: 100000003VertexShader_vs
Fragment Shader: 100000003PixelShader_ps
 GLSL validation result : 
active samplers with a different type refer to the same texture image unit
23:47:27: WARNING: Deleting mapped buffer without having it unmapped. This is often sign of a resource leak or a bad pattern. Umapping the buffer for you...
23:47:27: WARNING: Deleting mapped buffer without having it unmapped. This is often sign of a resource leak or a bad pattern. Umapping the buffer for you...
23:47:27: WARNING: Deleting mapped buffer without having it unmapped. This is often sign of a resource leak or a bad pattern. Umapping the buffer for you...
23:47:27: WARNING: Deleting mapped buffer without having it unmapped. This is often sign of a resource leak or a bad pattern. Umapping the buffer for you...
