[INFO] [1771716971.774489976] [gz_ros2_control]: connected to service!! robot_state_publisher asking for robot_description
[INFO] [1771716971.776146229] [gz_ros2_control]: Received URDF from param server
[INFO] [1771716971.777487480] [gz_ros2_control]: [gz_ros2_control] Fixed joint [joint_base] (Entity=43)] is skipped
[INFO] [1771716971.796977250] [gz_ros2_control]: The position_proportional_gain has been set to: 0.1
[INFO] [1771716971.797293317] [gz_ros2_control]: Loading joint: joint1
[INFO] [1771716971.797366900] [gz_ros2_control]: 	State:
[INFO] [1771716971.797393596] [gz_ros2_control]: 		 position
[INFO] [1771716971.797437813] [gz_ros2_control]: 			 found initial value: 0.000000
[INFO] [1771716971.797477731] [gz_ros2_control]: 		 velocity
[INFO] [1771716971.797498114] [gz_ros2_control]: 	Command:
[INFO] [1771716971.797515820] [gz_ros2_control]: 		 position
[INFO] [1771716971.797599601] [gz_ros2_control]: Loading joint: joint2
[INFO] [1771716971.797627328] [gz_ros2_control]: 	State:
[INFO] [1771716971.797648031] [gz_ros2_control]: 		 position
[INFO] [1771716971.797676755] [gz_ros2_control]: 			 found initial value: -0.785398
[INFO] [1771716971.797705530] [gz_ros2_control]: 		 velocity
[INFO] [1771716971.797723987] [gz_ros2_control]: 	Command:
[INFO] [1771716971.797742479] [gz_ros2_control]: 		 position
[INFO] [1771716971.798061755] [gz_ros2_control]: Loading joint: joint3
[INFO] [1771716971.798424935] [gz_ros2_control]: 	State:
[INFO] [1771716971.798471929] [gz_ros2_control]: 		 position
[INFO] [1771716971.798501127] [gz_ros2_control]: 			 found initial value: 0.000000
[INFO] [1771716971.798530181] [gz_ros2_control]: 		 velocity
[INFO] [1771716971.798547092] [gz_ros2_control]: 	Command:
[INFO] [1771716971.798563330] [gz_ros2_control]: 		 position
[INFO] [1771716971.798609052] [gz_ros2_control]: Loading joint: joint4
[INFO] [1771716971.798627396] [gz_ros2_control]: 	State:
[INFO] [1771716971.798643788] [gz_ros2_control]: 		 position
[INFO] [1771716971.798664256] [gz_ros2_control]: 			 found initial value: -2.356194
[INFO] [1771716971.798685637] [gz_ros2_control]: 		 velocity
[INFO] [1771716971.798701425] [gz_ros2_control]: 	Command:
[INFO] [1771716971.798715713] [gz_ros2_control]: 		 position
[INFO] [1771716971.798752531] [gz_ros2_control]: Loading joint: joint5
[INFO] [1771716971.798770193] [gz_ros2_control]: 	State:
[INFO] [1771716971.798786506] [gz_ros2_control]: 		 position
[INFO] [1771716971.798805539] [gz_ros2_control]: 			 found initial value: 0.000000
[INFO] [1771716971.798826636] [gz_ros2_control]: 		 velocity
[INFO] [1771716971.798843651] [gz_ros2_control]: 	Command:
[INFO] [1771716971.798860510] [gz_ros2_control]: 		 position
[INFO] [1771716971.798896231] [gz_ros2_control]: Loading joint: joint6
[INFO] [1771716971.798915475] [gz_ros2_control]: 	State:
[INFO] [1771716971.798931938] [gz_ros2_control]: 		 position
[INFO] [1771716971.798949879] [gz_ros2_control]: 			 found initial value: 1.570796
[INFO] [1771716971.798972768] [gz_ros2_control]: 		 velocity
[INFO] [1771716971.798990117] [gz_ros2_control]: 	Command:
[INFO] [1771716971.799009067] [gz_ros2_control]: 		 position
[INFO] [1771716971.799048359] [gz_ros2_control]: Loading joint: joint7
[INFO] [1771716971.799070079] [gz_ros2_control]: 	State:
[INFO] [1771716971.799087950] [gz_ros2_control]: 		 position
[INFO] [1771716971.799105591] [gz_ros2_control]: 			 found initial value: 0.785398
[INFO] [1771716971.799127083] [gz_ros2_control]: 		 velocity
[INFO] [1771716971.799144188] [gz_ros2_control]: 	Command:
[INFO] [1771716971.799159892] [gz_ros2_control]: 		 position
[INFO] [1771716971.799196296] [gz_ros2_control]: Loading joint: finger_joint1
[INFO] [1771716971.799216334] [gz_ros2_control]: 	State:
[INFO] [1771716971.799237359] [gz_ros2_control]: 		 position
[INFO] [1771716971.799256524] [gz_ros2_control]: 			 found initial value: 0.000000
[INFO] [1771716971.799282702] [gz_ros2_control]: 		 velocity
[INFO] [1771716971.799302530] [gz_ros2_control]: 	Command:
[INFO] [1771716971.799319659] [gz_ros2_control]: 		 position
[INFO] [1771716971.799359209] [gz_ros2_control]: Loading joint: finger_joint2
[INFO] [1771716971.799607642] [gz_ros2_control]: 	State:
[INFO] [1771716971.799636609] [gz_ros2_control]: 		 position
[INFO] [1771716971.799657698] [gz_ros2_control]: 			 found initial value: 0.000000
[INFO] [1771716971.799776695] [gz_ros2_control]: 		 velocity
[INFO] [1771716971.799834509] [gz_ros2_control]: 	Command:
[INFO] [1771716971.799853879] [gz_ros2_control]: 		 position
[INFO] [1771716971.800117838] [resource_manager]: Initialize hardware 'IgnitionSystem' 
[WARN] [1771716971.800244298] [gz_ros2_control]: The ign_ros2_control plugin got renamed to gz_ros2_control.
Update the <ros2_control> tag and gazebo plugin to
<hardware>
  <plugin>gz_ros2_control/GazeboSimSystem</plugin>
</hardware>
<gazebo>
  <plugin filename="gz_ros2_control-system"name="gz_ros2_control::GazeboSimROS2ControlPlugin">
    ...
  </plugin>
</gazebo>
[INFO] [1771716971.800310579] [resource_manager]: Successful initialization of hardware 'IgnitionSystem'
[INFO] [1771716971.800429503] [resource_manager]: 'configure' hardware 'IgnitionSystem' 
[INFO] [1771716971.800439377] [gz_ros2_control]: System Successfully configured!
[INFO] [1771716971.800461277] [resource_manager]: Successful 'configure' of hardware 'IgnitionSystem'
[INFO] [1771716971.800469636] [resource_manager]: 'activate' hardware 'IgnitionSystem' 
[INFO] [1771716971.800474848] [resource_manager]: Successful 'activate' of hardware 'IgnitionSystem'
[INFO] [1771716971.800482931] [gz_ros2_control]: Loading controller_manager
[WARN] [1771716971.927041732] [gz_ros2_control]:  Desired controller update period (0.01 s) is slower than the gazebo simulation period (0.001 s).
[INFO] [1771716971.980398048] [controller_manager]: Loading controller 'eef_controller'
[WARN] [1771716972.009056478] [eef_controller]: [Deprecated]: "allow_nonzero_velocity_at_trajectory_end" is set to true. The default behavior will change to false.
[INFO] [1771716972.011391880] [controller_manager]: Loading controller 'arm_controller'
[WARN] [1771716972.044036185] [arm_controller]: [Deprecated]: "allow_nonzero_velocity_at_trajectory_end" is set to true. The default behavior will change to false.
[INFO] [1771716972.053750937] [controller_manager]: Configuring controller 'eef_controller'
[INFO] [1771716972.054307939] [eef_controller]: No specific joint names are used for command interfaces. Using 'joints' parameter.
[INFO] [1771716972.054455743] [eef_controller]: Command interfaces are [position] and state interfaces are [position velocity].
[INFO] [1771716972.054545623] [eef_controller]: Using 'splines' interpolation method.
[INFO] [1771716972.059865403] [eef_controller]: Controller state will be published at 50.00 Hz.
[INFO] [1771716972.066476893] [eef_controller]: Action status changes will be monitored at 20.00 Hz.
[INFO] [1771716972.088792285] [controller_manager]: Loading controller 'joint_state_broadcaster'
[INFO] [1771716972.137566319] [controller_manager]: Configuring controller 'arm_controller'
[INFO] [1771716972.138301653] [arm_controller]: No specific joint names are used for command interfaces. Using 'joints' parameter.
[INFO] [1771716972.138490343] [arm_controller]: Command interfaces are [position] and state interfaces are [position velocity].
[INFO] [1771716972.138541147] [arm_controller]: Using 'splines' interpolation method.
[INFO] [1771716972.141625712] [arm_controller]: Controller state will be published at 50.00 Hz.
[INFO] [1771716972.145561668] [arm_controller]: Action status changes will be monitored at 20.00 Hz.
[INFO] [1771716972.180284931] [controller_manager]: Configuring controller 'joint_state_broadcaster'
[INFO] [1771716972.180611500] [joint_state_broadcaster]: 'joints' or 'interfaces' parameter is empty. All available state interfaces will be published
[INFO] [1771717069.426776508] [rclcpp]: signal_handler(SIGINT/SIGTERM)
[INFO] [1771717069.426966658] [controller_manager]: Shutdown request received....
[INFO] [1771717069.427241141] [controller_manager]: Shutting down all controllers in the controller manager.
[INFO] [1771717069.427317262] [controller_manager]: Deactivating controller 'eef_controller'
[INFO] [1771717069.428257366] [controller_manager]: Shutting down controller 'eef_controller'
[INFO] [1771717069.429034100] [controller_manager]: Deactivating controller 'arm_controller'
[INFO] [1771717069.429107660] [controller_manager]: Shutting down controller 'arm_controller'
[INFO] [1771717069.429119230] [controller_manager]: Deactivating controller 'joint_state_broadcaster'
[INFO] [1771717069.429132303] [controller_manager]: Shutting down controller 'joint_state_broadcaster'
[INFO] [1771717069.429191415] [resource_manager]: 'deactivate' hardware 'IgnitionSystem' 
[INFO] [1771717069.429206076] [resource_manager]: Successful 'deactivate' of hardware 'IgnitionSystem'
[INFO] [1771717069.429209169] [resource_manager]: 'shutdown' hardware 'IgnitionSystem' 
[INFO] [1771717069.429213476] [resource_manager]: Successful 'shutdown' of hardware 'IgnitionSystem'
[INFO] [1771717069.429216289] [controller_manager]: Shutting down the controller manager.
