[INFO] [1771717209.931879748] [gz_ros2_control]: connected to service!! robot_state_publisher asking for robot_description
[INFO] [1771717209.936475300] [gz_ros2_control]: Received URDF from param server
[INFO] [1771717209.939452601] [gz_ros2_control]: [gz_ros2_control] Fixed joint [joint_base] (Entity=43)] is skipped
[INFO] [1771717209.963655444] [gz_ros2_control]: The position_proportional_gain has been set to: 0.1
[INFO] [1771717209.963840504] [gz_ros2_control]: Loading joint: joint1
[INFO] [1771717209.963872620] [gz_ros2_control]: 	State:
[INFO] [1771717209.963891100] [gz_ros2_control]: 		 position
[INFO] [1771717209.963914092] [gz_ros2_control]: 			 found initial value: 0.000000
[INFO] [1771717209.963933664] [gz_ros2_control]: 		 velocity
[INFO] [1771717209.963947164] [gz_ros2_control]: 	Command:
[INFO] [1771717209.963959900] [gz_ros2_control]: 		 position
[INFO] [1771717209.963994421] [gz_ros2_control]: Loading joint: joint2
[INFO] [1771717209.964046530] [gz_ros2_control]: 	State:
[INFO] [1771717209.964065811] [gz_ros2_control]: 		 position
[INFO] [1771717209.964083119] [gz_ros2_control]: 			 found initial value: -0.785398
[INFO] [1771717209.964103733] [gz_ros2_control]: 		 velocity
[INFO] [1771717209.964116544] [gz_ros2_control]: 	Command:
[INFO] [1771717209.964128425] [gz_ros2_control]: 		 position
[INFO] [1771717209.964159585] [gz_ros2_control]: Loading joint: joint3
[INFO] [1771717209.964175115] [gz_ros2_control]: 	State:
[INFO] [1771717209.964187073] [gz_ros2_control]: 		 position
[INFO] [1771717209.964199616] [gz_ros2_control]: 			 found initial value: 0.000000
[INFO] [1771717209.964214218] [gz_ros2_control]: 		 velocity
[INFO] [1771717209.964227111] [gz_ros2_control]: 	Command:
[INFO] [1771717209.964239115] [gz_ros2_control]: 		 position
[INFO] [1771717209.964274893] [gz_ros2_control]: Loading joint: joint4
[INFO] [1771717209.964350739] [gz_ros2_control]: 	State:
[INFO] [1771717209.964374216] [gz_ros2_control]: 		 position
[INFO] [1771717209.964391463] [gz_ros2_control]: 			 found initial value: -2.356194
[INFO] [1771717209.964413650] [gz_ros2_control]: 		 velocity
[INFO] [1771717209.964427921] [gz_ros2_control]: 	Command:
[INFO] [1771717209.964441036] [gz_ros2_control]: 		 position
[INFO] [1771717209.964472318] [gz_ros2_control]: Loading joint: joint5
[INFO] [1771717209.964488517] [gz_ros2_control]: 	State:
[INFO] [1771717209.964501380] [gz_ros2_control]: 		 position
[INFO] [1771717209.964520664] [gz_ros2_control]: 			 found initial value: 0.000000
[INFO] [1771717209.964536817] [gz_ros2_control]: 		 velocity
[INFO] [1771717209.964549776] [gz_ros2_control]: 	Command:
[INFO] [1771717209.964561495] [gz_ros2_control]: 		 position
[INFO] [1771717209.964586917] [gz_ros2_control]: Loading joint: joint6
[INFO] [1771717209.964601894] [gz_ros2_control]: 	State:
[INFO] [1771717209.964614989] [gz_ros2_control]: 		 position
[INFO] [1771717209.964628629] [gz_ros2_control]: 			 found initial value: 1.570796
[INFO] [1771717209.964644635] [gz_ros2_control]: 		 velocity
[INFO] [1771717209.964657016] [gz_ros2_control]: 	Command:
[INFO] [1771717209.964669231] [gz_ros2_control]: 		 position
[INFO] [1771717209.964691884] [gz_ros2_control]: Loading joint: joint7
[INFO] [1771717209.964707295] [gz_ros2_control]: 	State:
[INFO] [1771717209.964719518] [gz_ros2_control]: 		 position
[INFO] [1771717209.964731479] [gz_ros2_control]: 			 found initial value: 0.785398
[INFO] [1771717209.964746997] [gz_ros2_control]: 		 velocity
[INFO] [1771717209.964759936] [gz_ros2_control]: 	Command:
[INFO] [1771717209.964773149] [gz_ros2_control]: 		 position
[INFO] [1771717209.964794768] [gz_ros2_control]: Loading joint: finger_joint1
[INFO] [1771717209.964809288] [gz_ros2_control]: 	State:
[INFO] [1771717209.964821657] [gz_ros2_control]: 		 position
[INFO] [1771717209.964832880] [gz_ros2_control]: 			 found initial value: 0.000000
[INFO] [1771717209.964898039] [gz_ros2_control]: 		 velocity
[INFO] [1771717209.964916895] [gz_ros2_control]: 	Command:
[INFO] [1771717209.964931308] [gz_ros2_control]: 		 position
[INFO] [1771717209.964958578] [gz_ros2_control]: Loading joint: finger_joint2
[INFO] [1771717209.965032240] [gz_ros2_control]: 	State:
[INFO] [1771717209.965052058] [gz_ros2_control]: 		 position
[INFO] [1771717209.965072796] [gz_ros2_control]: 			 found initial value: 0.000000
[INFO] [1771717209.965088248] [gz_ros2_control]: 		 velocity
[INFO] [1771717209.965101359] [gz_ros2_control]: 	Command:
[INFO] [1771717209.965113794] [gz_ros2_control]: 		 position
[INFO] [1771717209.965252577] [resource_manager]: Initialize hardware 'IgnitionSystem' 
[WARN] [1771717209.965303617] [gz_ros2_control]: The ign_ros2_control plugin got renamed to gz_ros2_control.
Update the <ros2_control> tag and gazebo plugin to
<hardware>
  <plugin>gz_ros2_control/GazeboSimSystem</plugin>
</hardware>
<gazebo>
  <plugin filename="gz_ros2_control-system"name="gz_ros2_control::GazeboSimROS2ControlPlugin">
    ...
  </plugin>
</gazebo>
[INFO] [1771717209.965475247] [resource_manager]: Successful initialization of hardware 'IgnitionSystem'
[INFO] [1771717209.965566916] [resource_manager]: 'configure' hardware 'IgnitionSystem' 
[INFO] [1771717209.965579301] [gz_ros2_control]: System Successfully configured!
[INFO] [1771717209.965615169] [resource_manager]: Successful 'configure' of hardware 'IgnitionSystem'
[INFO] [1771717209.965629497] [resource_manager]: 'activate' hardware 'IgnitionSystem' 
[INFO] [1771717209.965638375] [resource_manager]: Successful 'activate' of hardware 'IgnitionSystem'
[INFO] [1771717209.965650497] [gz_ros2_control]: Loading controller_manager
[INFO] [1771717210.164401730] [controller_manager]: Loading controller 'eef_controller'
[WARN] [1771717210.235056104] [eef_controller]: [Deprecated]: "allow_nonzero_velocity_at_trajectory_end" is set to true. The default behavior will change to false.
[INFO] [1771717210.235483652] [controller_manager]: Loading controller 'joint_state_broadcaster'
[WARN] [1771717210.235658997] [gz_ros2_control]:  Desired controller update period (0.01 s) is slower than the gazebo simulation period (0.001 s).
[INFO] [1771717210.285087232] [controller_manager]: Loading controller 'arm_controller'
[WARN] [1771717210.346064826] [arm_controller]: [Deprecated]: "allow_nonzero_velocity_at_trajectory_end" is set to true. The default behavior will change to false.
[INFO] [1771717210.354538496] [controller_manager]: Configuring controller 'eef_controller'
[INFO] [1771717210.355209288] [eef_controller]: No specific joint names are used for command interfaces. Using 'joints' parameter.
[INFO] [1771717210.355306700] [eef_controller]: Command interfaces are [position] and state interfaces are [position velocity].
[INFO] [1771717210.355366019] [eef_controller]: Using 'splines' interpolation method.
[INFO] [1771717210.366005657] [eef_controller]: Controller state will be published at 50.00 Hz.
[INFO] [1771717210.377654633] [eef_controller]: Action status changes will be monitored at 20.00 Hz.
[INFO] [1771717210.409257792] [controller_manager]: Configuring controller 'joint_state_broadcaster'
[INFO] [1771717210.409581704] [joint_state_broadcaster]: 'joints' or 'interfaces' parameter is empty. All available state interfaces will be published
[INFO] [1771717210.422473872] [controller_manager]: Configuring controller 'arm_controller'
[INFO] [1771717210.422910676] [arm_controller]: No specific joint names are used for command interfaces. Using 'joints' parameter.
[INFO] [1771717210.423047180] [arm_controller]: Command interfaces are [position] and state interfaces are [position velocity].
[INFO] [1771717210.423151020] [arm_controller]: Using 'splines' interpolation method.
[INFO] [1771717210.426637406] [arm_controller]: Controller state will be published at 50.00 Hz.
[INFO] [1771717210.432888616] [arm_controller]: Action status changes will be monitored at 20.00 Hz.
[INFO] [1771717289.743769791] [rclcpp]: signal_handler(SIGINT/SIGTERM)
[INFO] [1771717289.743956746] [controller_manager]: Shutdown request received....
[INFO] [1771717289.744316212] [controller_manager]: Shutting down all controllers in the controller manager.
[INFO] [1771717289.744416190] [controller_manager]: Deactivating controller 'eef_controller'
[INFO] [1771717289.744560618] [controller_manager]: Shutting down controller 'eef_controller'
[INFO] [1771717289.744715424] [controller_manager]: Deactivating controller 'joint_state_broadcaster'
[INFO] [1771717289.744755848] [controller_manager]: Shutting down controller 'joint_state_broadcaster'
[INFO] [1771717289.744782048] [controller_manager]: Deactivating controller 'arm_controller'
[INFO] [1771717289.744861488] [controller_manager]: Shutting down controller 'arm_controller'
[INFO] [1771717289.744956490] [resource_manager]: 'deactivate' hardware 'IgnitionSystem' 
[INFO] [1771717289.744992257] [resource_manager]: Successful 'deactivate' of hardware 'IgnitionSystem'
[INFO] [1771717289.745001802] [resource_manager]: 'shutdown' hardware 'IgnitionSystem' 
[INFO] [1771717289.745010039] [resource_manager]: Successful 'shutdown' of hardware 'IgnitionSystem'
[INFO] [1771717289.745017641] [controller_manager]: Shutting down the controller manager.
