[INFO] [1771717645.709369711] [gz_ros2_control]: connected to service!! robot_state_publisher asking for robot_description
[INFO] [1771717645.711108477] [gz_ros2_control]: Received URDF from param server
[INFO] [1771717645.712712102] [gz_ros2_control]: [gz_ros2_control] Fixed joint [joint_base] (Entity=43)] is skipped
[INFO] [1771717645.732952447] [gz_ros2_control]: The position_proportional_gain has been set to: 0.1
[INFO] [1771717645.733071932] [gz_ros2_control]: Loading joint: joint1
[INFO] [1771717645.733087155] [gz_ros2_control]: 	State:
[INFO] [1771717645.733097800] [gz_ros2_control]: 		 position
[INFO] [1771717645.733108862] [gz_ros2_control]: 			 found initial value: 0.000000
[INFO] [1771717645.733117748] [gz_ros2_control]: 		 velocity
[INFO] [1771717645.733128594] [gz_ros2_control]: 	Command:
[INFO] [1771717645.733134433] [gz_ros2_control]: 		 position
[INFO] [1771717645.733151598] [gz_ros2_control]: Loading joint: joint2
[INFO] [1771717645.733157034] [gz_ros2_control]: 	State:
[INFO] [1771717645.733162126] [gz_ros2_control]: 		 position
[INFO] [1771717645.733169294] [gz_ros2_control]: 			 found initial value: -0.785398
[INFO] [1771717645.733175711] [gz_ros2_control]: 		 velocity
[INFO] [1771717645.733181220] [gz_ros2_control]: 	Command:
[INFO] [1771717645.733185977] [gz_ros2_control]: 		 position
[INFO] [1771717645.733198380] [gz_ros2_control]: Loading joint: joint3
[INFO] [1771717645.733203809] [gz_ros2_control]: 	State:
[INFO] [1771717645.733210565] [gz_ros2_control]: 		 position
[INFO] [1771717645.733215460] [gz_ros2_control]: 			 found initial value: 0.000000
[INFO] [1771717645.733221632] [gz_ros2_control]: 		 velocity
[INFO] [1771717645.733226748] [gz_ros2_control]: 	Command:
[INFO] [1771717645.733231589] [gz_ros2_control]: 		 position
[INFO] [1771717645.733242987] [gz_ros2_control]: Loading joint: joint4
[INFO] [1771717645.733247997] [gz_ros2_control]: 	State:
[INFO] [1771717645.733252692] [gz_ros2_control]: 		 position
[INFO] [1771717645.733258810] [gz_ros2_control]: 			 found initial value: -2.356194
[INFO] [1771717645.733265072] [gz_ros2_control]: 		 velocity
[INFO] [1771717645.733269657] [gz_ros2_control]: 	Command:
[INFO] [1771717645.733273904] [gz_ros2_control]: 		 position
[INFO] [1771717645.733285191] [gz_ros2_control]: Loading joint: joint5
[INFO] [1771717645.733290464] [gz_ros2_control]: 	State:
[INFO] [1771717645.733295207] [gz_ros2_control]: 		 position
[INFO] [1771717645.733301762] [gz_ros2_control]: 			 found initial value: 0.000000
[INFO] [1771717645.733308749] [gz_ros2_control]: 		 velocity
[INFO] [1771717645.733313898] [gz_ros2_control]: 	Command:
[INFO] [1771717645.733319343] [gz_ros2_control]: 		 position
[INFO] [1771717645.733330135] [gz_ros2_control]: Loading joint: joint6
[INFO] [1771717645.733335673] [gz_ros2_control]: 	State:
[INFO] [1771717645.733340575] [gz_ros2_control]: 		 position
[INFO] [1771717645.733345938] [gz_ros2_control]: 			 found initial value: 1.570796
[INFO] [1771717645.733351451] [gz_ros2_control]: 		 velocity
[INFO] [1771717645.733356830] [gz_ros2_control]: 	Command:
[INFO] [1771717645.733362322] [gz_ros2_control]: 		 position
[INFO] [1771717645.733372592] [gz_ros2_control]: Loading joint: joint7
[INFO] [1771717645.733378058] [gz_ros2_control]: 	State:
[INFO] [1771717645.733383257] [gz_ros2_control]: 		 position
[INFO] [1771717645.733388121] [gz_ros2_control]: 			 found initial value: 0.785398
[INFO] [1771717645.733394544] [gz_ros2_control]: 		 velocity
[INFO] [1771717645.733399985] [gz_ros2_control]: 	Command:
[INFO] [1771717645.733404995] [gz_ros2_control]: 		 position
[INFO] [1771717645.733415414] [gz_ros2_control]: Loading joint: finger_joint1
[INFO] [1771717645.733420429] [gz_ros2_control]: 	State:
[INFO] [1771717645.733425171] [gz_ros2_control]: 		 position
[INFO] [1771717645.733429867] [gz_ros2_control]: 			 found initial value: 0.000000
[INFO] [1771717645.733436437] [gz_ros2_control]: 		 velocity
[INFO] [1771717645.733441973] [gz_ros2_control]: 	Command:
[INFO] [1771717645.733446926] [gz_ros2_control]: 		 position
[INFO] [1771717645.733458249] [gz_ros2_control]: Loading joint: finger_joint2
[INFO] [1771717645.733513777] [gz_ros2_control]: 	State:
[INFO] [1771717645.733523406] [gz_ros2_control]: 		 position
[INFO] [1771717645.733530764] [gz_ros2_control]: 			 found initial value: 0.000000
[INFO] [1771717645.733537441] [gz_ros2_control]: 		 velocity
[INFO] [1771717645.733543025] [gz_ros2_control]: 	Command:
[INFO] [1771717645.733547741] [gz_ros2_control]: 		 position
[INFO] [1771717645.733662657] [resource_manager]: Initialize hardware 'IgnitionSystem' 
[WARN] [1771717645.733731714] [gz_ros2_control]: The ign_ros2_control plugin got renamed to gz_ros2_control.
Update the <ros2_control> tag and gazebo plugin to
<hardware>
  <plugin>gz_ros2_control/GazeboSimSystem</plugin>
</hardware>
<gazebo>
  <plugin filename="gz_ros2_control-system"name="gz_ros2_control::GazeboSimROS2ControlPlugin">
    ...
  </plugin>
</gazebo>
[INFO] [1771717645.733792892] [resource_manager]: Successful initialization of hardware 'IgnitionSystem'
[INFO] [1771717645.733881556] [resource_manager]: 'configure' hardware 'IgnitionSystem' 
[INFO] [1771717645.733894732] [gz_ros2_control]: System Successfully configured!
[INFO] [1771717645.733918892] [resource_manager]: Successful 'configure' of hardware 'IgnitionSystem'
[INFO] [1771717645.733933214] [resource_manager]: 'activate' hardware 'IgnitionSystem' 
[INFO] [1771717645.733939043] [resource_manager]: Successful 'activate' of hardware 'IgnitionSystem'
[INFO] [1771717645.733947745] [gz_ros2_control]: Loading controller_manager
[WARN] [1771717645.853877463] [gz_ros2_control]:  Desired controller update period (0.01 s) is slower than the gazebo simulation period (0.001 s).
[INFO] [1771717645.959244061] [controller_manager]: Loading controller 'joint_state_broadcaster'
[INFO] [1771717645.994817298] [controller_manager]: Loading controller 'eef_controller'
[WARN] [1771717646.023279690] [eef_controller]: [Deprecated]: "allow_nonzero_velocity_at_trajectory_end" is set to true. The default behavior will change to false.
[INFO] [1771717646.035666221] [controller_manager]: Configuring controller 'joint_state_broadcaster'
[INFO] [1771717646.036510720] [joint_state_broadcaster]: 'joints' or 'interfaces' parameter is empty. All available state interfaces will be published
[INFO] [1771717646.058961777] [controller_manager]: Loading controller 'arm_controller'
[WARN] [1771717646.096998666] [arm_controller]: [Deprecated]: "allow_nonzero_velocity_at_trajectory_end" is set to true. The default behavior will change to false.
[INFO] [1771717646.102291407] [controller_manager]: Configuring controller 'eef_controller'
[INFO] [1771717646.102643899] [eef_controller]: No specific joint names are used for command interfaces. Using 'joints' parameter.
[INFO] [1771717646.102711131] [eef_controller]: Command interfaces are [position] and state interfaces are [position velocity].
[INFO] [1771717646.102784833] [eef_controller]: Using 'splines' interpolation method.
[INFO] [1771717646.106173554] [eef_controller]: Controller state will be published at 50.00 Hz.
[INFO] [1771717646.112413380] [eef_controller]: Action status changes will be monitored at 20.00 Hz.
[INFO] [1771717646.132167109] [controller_manager]: Configuring controller 'arm_controller'
[INFO] [1771717646.132555489] [arm_controller]: No specific joint names are used for command interfaces. Using 'joints' parameter.
[INFO] [1771717646.132672044] [arm_controller]: Command interfaces are [position] and state interfaces are [position velocity].
[INFO] [1771717646.132712779] [arm_controller]: Using 'splines' interpolation method.
[INFO] [1771717646.133884979] [arm_controller]: Controller state will be published at 50.00 Hz.
[INFO] [1771717646.140006721] [arm_controller]: Action status changes will be monitored at 20.00 Hz.
[INFO] [1771718456.382024198] [arm_controller]: Received new action goal
[INFO] [1771718456.387618231] [arm_controller]: Accepted new action goal
[INFO] [1771718457.903239665] [arm_controller]: Goal reached, success!
[INFO] [1771718468.115037700] [arm_controller]: Received new action goal
[INFO] [1771718468.115567927] [arm_controller]: Accepted new action goal
[INFO] [1771718468.615061271] [arm_controller]: Goal reached, success!
