[INFO] [1771718332.063078443] [rviz2]: Stereo is NOT SUPPORTED
[INFO] [1771718332.063320234] [rviz2]: OpenGl version: 4.5 (GLSL 4.5)
[INFO] [1771718332.236161810] [rviz2]: Stereo is NOT SUPPORTED
[ERROR] [1771718407.772445524] [moveit_ros_visualization.motion_planning_frame]: Action server: /recognize_objects not available
[INFO] [1771718407.810951809] [moveit_ros_visualization.motion_planning_frame]: MoveGroup namespace changed: / -> . Reloading params.
[INFO] [1771718408.074191055] [moveit_rdf_loader.rdf_loader]: Loaded robot model in 0.213948 seconds
[INFO] [1771718408.076447846] [moveit_robot_model.robot_model]: Loading robot model 'panda'...
[INFO] [1771718408.076650308] [moveit_robot_model.robot_model]: No root/virtual joint specified in SRDF. Assuming fixed joint
[WARN] [1771718408.094006571] [moveit_ros.robot_model_loader]: No kinematics plugins defined. Fill and load kinematics.yaml!
[INFO] [1771718408.192300602] [moveit_ros.planning_scene_monitor.planning_scene_monitor]: Starting planning scene monitor
[INFO] [1771718408.193815091] [moveit_ros.planning_scene_monitor.planning_scene_monitor]: Listening to '/monitored_planning_scene'
[INFO] [1771718408.729293764] [interactive_marker_display_94530473493184]: Connected on namespace: /rviz_moveit_motion_planning_display/robot_interaction_interactive_marker_topic
[INFO] [1771718408.733877494] [moveit_ros_robot_interaction.robot_interaction]: No active joints or end effectors found for group 'arm'. Make sure that kinematics.yaml is loaded in this node's namespace.
[INFO] [1771718408.735321229] [moveit_ros_robot_interaction.robot_interaction]: No active joints or end effectors found for group 'arm'. Make sure that kinematics.yaml is loaded in this node's namespace.
[INFO] [1771718408.747589304] [moveit_ros_visualization.motion_planning_frame]: group arm
[INFO] [1771718408.747659928] [moveit_ros_visualization.motion_planning_frame]: Constructing new MoveGroup connection for group 'arm' in namespace ''
[INFO] [1771718408.789997242] [move_group_interface]: Ready to take commands for planning group arm.
[INFO] [1771718408.794870865] [moveit_ros_visualization.motion_planning_frame]: group arm
[INFO] [1771718409.051540531] [interactive_marker_display_94530473493184]: Sending request for interactive markers
[INFO] [1771718409.243835485] [interactive_marker_display_94530473493184]: Service response received for initialization
