(2026-02-21T23:36:09.644600375) (2026-02-21T23:36:09.644615392) [Msg] Ignition Gazebo Server v6.17.1
(2026-02-21T23:36:09.647253423) (2026-02-21T23:36:09.647262614) [Msg] Loading SDF world file[/usr/share/ignition/ignition-gazebo6/worlds/empty.sdf].
(2026-02-21T23:36:09.717646794) (2026-02-21T23:36:09.717657600) [Msg] Serving entity system service on [/entity/system/add]
(2026-02-21T23:36:09.846231373) (2026-02-21T23:36:09.846242413) [Dbg] [Physics.cc:804] Loaded [ignition::physics::dartsim::Plugin] from library [/usr/lib/x86_64-linux-gnu/ign-physics-5/engine-plugins/libignition-physics-dartsim-plugin.so]
(2026-02-21T23:36:09.846319152) (2026-02-21T23:36:09.846324474) [Dbg] [SystemManager.cc:73] Loaded system [gz::sim::systems::Physics] for entity [1]
(2026-02-21T23:36:09.852703292) (2026-02-21T23:36:09.852729770) [Msg] Create service on [/world/empty/create]
(2026-02-21T23:36:09.852904445) (2026-02-21T23:36:09.852910611) [Msg] Remove service on [/world/empty/remove]
(2026-02-21T23:36:09.853080358) (2026-02-21T23:36:09.853086978) [Msg] Pose service on [/world/empty/set_pose]
(2026-02-21T23:36:09.853203738) (2026-02-21T23:36:09.853209914) [Msg] Pose service on [/world/empty/set_pose_vector]
(2026-02-21T23:36:09.853433251) (2026-02-21T23:36:09.853440413) [Msg] Light configuration service on [/world/empty/light_config]
(2026-02-21T23:36:09.853734259) (2026-02-21T23:36:09.853741721) [Msg] Physics service on [/world/empty/set_physics]
(2026-02-21T23:36:09.853897400) (2026-02-21T23:36:09.853903598) [Msg] SphericalCoordinates service on [/world/empty/set_spherical_coordinates]
(2026-02-21T23:36:09.854016690) (2026-02-21T23:36:09.854022757) [Msg] Enable collision service on [/world/empty/enable_collision]
(2026-02-21T23:36:09.854172904) (2026-02-21T23:36:09.854179495) [Msg] Disable collision service on [/world/empty/disable_collision]
(2026-02-21T23:36:09.854567252) (2026-02-21T23:36:09.854575561) [Msg] Material service on [/world/empty/visual_config]
(2026-02-21T23:36:09.854759225) (2026-02-21T23:36:09.854765779) [Msg] Material service on [/world/empty/wheel_slip]
(2026-02-21T23:36:09.854806635) (2026-02-21T23:36:09.854810773) [Dbg] [SystemManager.cc:73] Loaded system [gz::sim::systems::UserCommands] for entity [1]
(2026-02-21T23:36:09.861225460) (2026-02-21T23:36:09.861235768) [Dbg] [SystemManager.cc:73] Loaded system [gz::sim::systems::SceneBroadcaster] for entity [1]
(2026-02-21T23:36:09.864482757) (2026-02-21T23:36:09.864491984) [Dbg] [SystemManager.cc:73] Loaded system [gz::sim::systems::Contact] for entity [1]
(2026-02-21T23:36:09.865017062) (2026-02-21T23:36:09.865025356) [Msg] Loaded level [3]
(2026-02-21T23:36:09.865430924) (2026-02-21T23:36:09.865438763) [Msg] Serving world controls on [/world/empty/control], [/world/empty/control/state] and [/world/empty/playback/control]
(2026-02-21T23:36:09.865592165) (2026-02-21T23:36:09.865597503) [Msg] Serving GUI information on [/world/empty/gui/info]
(2026-02-21T23:36:09.865621430) (2026-02-21T23:36:09.865625235) [Msg] World [empty] initialized with [1ms] physics profile.
(2026-02-21T23:36:09.865897164) (2026-02-21T23:36:09.865904674) [Msg] Serving world SDF generation service on [/world/empty/generate_world_sdf]
(2026-02-21T23:36:09.866021939) (2026-02-21T23:36:09.866028048) [Msg] Serving world names on [/gazebo/worlds]
(2026-02-21T23:36:09.866113793) (2026-02-21T23:36:09.866119830) [Msg] Resource path add service on [/gazebo/resource_paths/add].
(2026-02-21T23:36:09.866180863) (2026-02-21T23:36:09.866186797) [Msg] Resource path get service on [/gazebo/resource_paths/get].
(2026-02-21T23:36:09.866257750) (2026-02-21T23:36:09.866263863) [Msg] Resource path resolve service on [/gazebo/resource_paths/resolve].
(2026-02-21T23:36:09.866434173) (2026-02-21T23:36:09.866440834) [Msg] Resource paths published on [/gazebo/resource_paths].
(2026-02-21T23:36:09.867120872) (2026-02-21T23:36:09.867146956) [Msg] Server control service on [/server_control].
(2026-02-21T23:36:11.539735257) (2026-02-21T23:36:11.539772296) [Msg] Found no publishers on /stats, adding root stats topic
(2026-02-21T23:36:11.540635360) (2026-02-21T23:36:11.540675305) [Msg] Found no publishers on /clock, adding root clock topic
(2026-02-21T23:36:11.541042243) (2026-02-21T23:36:11.541063737) [Dbg] [SimulationRunner.cc:501] Creating PostUpdate worker threads: 3
(2026-02-21T23:36:11.541145767) (2026-02-21T23:36:11.541158313) [Dbg] [SimulationRunner.cc:512] Creating postupdate worker thread (0)
(2026-02-21T23:36:11.541313620) (2026-02-21T23:36:11.541329265) [Dbg] [SimulationRunner.cc:512] Creating postupdate worker thread (1)
(2026-02-21T23:36:11.877502922) (2026-02-21T23:36:11.877528878) [Dbg] [SystemManager.cc:73] Loaded system [ign_ros2_control::IgnitionROS2ControlPlugin] for entity [10]
(2026-02-21T23:36:11.877756952) (2026-02-21T23:36:11.877769853) [Dbg] [UserCommands.cc:1303] Created entity [10] named [panda]
(2026-02-21T23:36:11.918104312) (2026-02-21T23:36:11.918115540) [Msg] Serving scene information on [/world/empty/scene/info]
(2026-02-21T23:36:11.918229244) (2026-02-21T23:36:11.918236012) [Msg] Serving graph information on [/world/empty/scene/graph]
(2026-02-21T23:36:11.918407432) (2026-02-21T23:36:11.918415372) [Msg] Serving full state on [/world/empty/state]
(2026-02-21T23:36:11.918484174) (2026-02-21T23:36:11.918490602) [Msg] Serving full state (async) on [/world/empty/state_async]
(2026-02-21T23:36:11.918599268) (2026-02-21T23:36:11.918605834) [Msg] Publishing scene information on [/world/empty/scene/info]
(2026-02-21T23:36:11.918709618) (2026-02-21T23:36:11.918717929) [Msg] Publishing entity deletions on [/world/empty/scene/deletion]
(2026-02-21T23:36:11.918827290) (2026-02-21T23:36:11.918834088) [Msg] Publishing state changes on [/world/empty/state]
(2026-02-21T23:36:11.918890369) (2026-02-21T23:36:11.918894577) [Msg] Publishing pose messages on [/world/empty/pose/info]
(2026-02-21T23:36:11.918973728) (2026-02-21T23:36:11.918979869) [Msg] Publishing dynamic pose messages on [/world/empty/dynamic_pose/info]
(2026-02-21T23:36:11.919324411) (2026-02-21T23:36:11.919333873) [Dbg] [EntityComponentManager.cc:1623] Updated state thread iterators: 12 threads processing around 5 entities each.
(2026-02-21T23:36:11.926360709) (2026-02-21T23:36:11.926376561) [Dbg] [SimulationRunner.cc:528] Exiting postupdate worker thread (0)
(2026-02-21T23:36:11.926443178) (2026-02-21T23:36:11.926459255) [Dbg] [SimulationRunner.cc:528] Exiting postupdate worker thread (1)
(2026-02-21T23:36:11.926716080) (2026-02-21T23:36:11.926726672) [Dbg] [SimulationRunner.cc:501] Creating PostUpdate worker threads: 4
(2026-02-21T23:36:11.926753100) (2026-02-21T23:36:11.926757234) [Dbg] [SimulationRunner.cc:512] Creating postupdate worker thread (0)
(2026-02-21T23:36:11.926824916) (2026-02-21T23:36:11.926830328) [Dbg] [SimulationRunner.cc:512] Creating postupdate worker thread (1)
(2026-02-21T23:36:11.926888242) (2026-02-21T23:36:11.926894122) [Dbg] [SimulationRunner.cc:512] Creating postupdate worker thread (2)
(2026-02-21T23:37:49.426455067) (2026-02-21T23:37:49.426485157) [Dbg] [SignalHandler.cc:141] Received signal[2].
(2026-02-21T23:37:49.426578477) (2026-02-21T23:37:49.426585146) [Dbg] [ServerPrivate.cc:110] Server received signal[2]
(2026-02-21T23:37:49.426702757) (2026-02-21T23:37:49.426711480) [Dbg] [gz.cc:410] Shutting down ign-gazebo-server
(((((2026-02-21T23:37:49.434907658) (2026-02-21T23:37:49.434920750) 2026-02-21T23:37:49.434929494[Dbg] [SimulationRunner.cc:528] 2026-02-21T23:37:49.434929494[Dbg] [SimulationRunner.cc:528] 2026-02-21T23:37:49.434994239) (2026-02-21T23:37:49.435002589) ) (2026-02-21T23:37:49.435073553) Exiting postupdate worker thread (0)
[Dbg] [SimulationRunner.cc:528] Exiting postupdate worker thread (2)
[Dbg] [SimulationRunner.cc:528] Exiting postupdate worker thread (1)
